"../../../Engine/Content/EditorResources/S_Actor.ubulk" 0
"../../../Engine/Content/EditorResources/S_Actor.uasset" 1
"../../../Engine/Content/EditorResources/S_Actor.uexp" 2
"../../../Engine/Content/EditorResources/S_BoxReflectionCapture.uasset" 3
"../../../Engine/Content/EditorResources/S_BoxReflectionCapture.uexp" 4
"../../../Engine/Content/EngineResources/DefaultTexture.ubulk" 5
"../../../Engine/Content/EngineResources/DefaultTexture.uasset" 6
"../../../Engine/Content/EngineResources/DefaultTexture.uexp" 7
"../../../Engine/Content/EngineResources/DefaultTextureCube.uasset" 8
"../../../Engine/Content/EngineResources/DefaultTextureCube.uexp" 9
"../../../Engine/Content/EngineResources/DefaultVolumeTexture2D.uasset" 10
"../../../Engine/Content/EngineResources/DefaultVolumeTexture2D.uexp" 11
"../../../Engine/Content/EngineResources/DefaultVolumeTexture.uasset" 12
"../../../Engine/Content/EngineResources/DefaultVolumeTexture.uexp" 13
"../../../Engine/Content/EditorResources/S_Trigger.ubulk" 14
"../../../Engine/Content/EditorResources/S_Trigger.uasset" 15
"../../../Engine/Content/EditorResources/S_Trigger.uexp" 16
"../../../Engine/Content/EditorResources/S_TriggerBox.uasset" 17
"../../../Engine/Content/EditorResources/S_TriggerBox.uexp" 18
"../../../Engine/Content/EditorResources/S_TriggerCapsule.uasset" 19
"../../../Engine/Content/EditorResources/S_TriggerCapsule.uexp" 20
"../../../Engine/Content/EditorResources/S_TriggerSphere.uasset" 21
"../../../Engine/Content/EditorResources/S_TriggerSphere.uexp" 22
"../../../Engine/Content/EngineMeshes/Sphere.ubulk" 23
"../../../Engine/Content/EngineMeshes/Sphere.uasset" 24
"../../../Engine/Content/EngineMeshes/Sphere.uexp" 25
"../../../Engine/Content/EngineResources/GradientTexture0.uasset" 26
"../../../Engine/Content/EngineResources/GradientTexture0.uexp" 27
"../../../Engine/Content/EngineResources/Black.uasset" 28
"../../../Engine/Content/EngineResources/Black.uexp" 29
"../../../Engine/Content/VREditor/LaserPointer/VR_LaserPower_01.ubulk" 30
"../../../Engine/Content/VREditor/LaserPointer/VR_LaserPower_01.uasset" 31
"../../../Engine/Content/VREditor/LaserPointer/VR_LaserPower_01.uexp" 32
"../../../Engine/Content/VREditor/TransformGizmo/TransformGizmoMaterial.uasset" 33
"../../../Engine/Content/VREditor/TransformGizmo/TransformGizmoMaterial.uexp" 34
"../../../Engine/Content/VREditor/TransformGizmo/TranslucentTransformGizmoMaterial.uasset" 35
"../../../Engine/Content/VREditor/TransformGizmo/TranslucentTransformGizmoMaterial.uexp" 36
"../../../Engine/Content/VREditor/TransformGizmo/PlaneTranslationHandle.ubulk" 37
"../../../Engine/Content/VREditor/TransformGizmo/PlaneTranslationHandle.uasset" 38
"../../../Engine/Content/VREditor/TransformGizmo/PlaneTranslationHandle.uexp" 39
"../../../Engine/Content/VREditor/TransformGizmo/BoundingBoxCorner.ubulk" 40
"../../../Engine/Content/VREditor/TransformGizmo/BoundingBoxCorner.uasset" 41
"../../../Engine/Content/VREditor/TransformGizmo/BoundingBoxCorner.uexp" 42
"../../../Engine/Content/VREditor/TransformGizmo/BoundingBoxEdge.ubulk" 43
"../../../Engine/Content/VREditor/TransformGizmo/BoundingBoxEdge.uasset" 44
"../../../Engine/Content/VREditor/TransformGizmo/BoundingBoxEdge.uexp" 45
"../../../Engine/Content/VREditor/TransformGizmo/Main.uasset" 46
"../../../Engine/Content/VREditor/TransformGizmo/Main.uexp" 47
"../../../Engine/Content/VREditor/TransformGizmo/Xray.uasset" 48
"../../../Engine/Content/VREditor/TransformGizmo/Xray.uexp" 49
"../../../Engine/Content/VREditor/TransformGizmo/SM_Sequencer_Node.ubulk" 50
"../../../Engine/Content/VREditor/TransformGizmo/SM_Sequencer_Node.uasset" 51
"../../../Engine/Content/VREditor/TransformGizmo/SM_Sequencer_Node.uexp" 52
"../../../Engine/Content/EditorMaterials/Camera/CineMat.uasset" 53
"../../../Engine/Content/EditorMaterials/Camera/CineMat.uexp" 54
"../../../Engine/Content/EditorMaterials/Camera/MI_CineMat_Rig.uasset" 55
"../../../Engine/Content/EditorMaterials/Camera/MI_CineMat_Rig.uexp" 56
"../../../Engine/Content/EditorMeshes/Camera/SM_CraneRig_Base.ubulk" 57
"../../../Engine/Content/EditorMeshes/Camera/SM_CraneRig_Base.uasset" 58
"../../../Engine/Content/EditorMeshes/Camera/SM_CraneRig_Base.uexp" 59
"../../../Engine/Content/EditorMeshes/Camera/SM_CraneRig_Arm.ubulk" 60
"../../../Engine/Content/EditorMeshes/Camera/SM_CraneRig_Arm.uasset" 61
"../../../Engine/Content/EditorMeshes/Camera/SM_CraneRig_Arm.uexp" 62
"../../../Engine/Content/EditorMeshes/Camera/SM_CraneRig_Mount.ubulk" 63
"../../../Engine/Content/EditorMeshes/Camera/SM_CraneRig_Mount.uasset" 64
"../../../Engine/Content/EditorMeshes/Camera/SM_CraneRig_Mount.uexp" 65
"../../../Engine/Content/EditorMeshes/Camera/SM_CraneRig_Body.ubulk" 66
"../../../Engine/Content/EditorMeshes/Camera/SM_CraneRig_Body.uasset" 67
"../../../Engine/Content/EditorMeshes/Camera/SM_CraneRig_Body.uexp" 68
"../../../Engine/Content/EditorMeshes/Camera/SM_RailRig_Track.ubulk" 69
"../../../Engine/Content/EditorMeshes/Camera/SM_RailRig_Track.uasset" 70
"../../../Engine/Content/EditorMeshes/Camera/SM_RailRig_Track.uexp" 71
"../../../Engine/Content/EditorMeshes/Camera/SM_RailRig_Mount.ubulk" 72
"../../../Engine/Content/EditorMeshes/Camera/SM_RailRig_Mount.uasset" 73
"../../../Engine/Content/EditorMeshes/Camera/SM_RailRig_Mount.uexp" 74
"../../../Engine/Content/EngineMaterials/T_Default_Material_Grid_M.ubulk" 75
"../../../Engine/Content/EngineMaterials/T_Default_Material_Grid_M.uasset" 76
"../../../Engine/Content/EngineMaterials/T_Default_Material_Grid_M.uexp" 77
"../../../Engine/Content/EngineMaterials/T_Default_Material_Grid_N.ubulk" 78
"../../../Engine/Content/EngineMaterials/T_Default_Material_Grid_N.uasset" 79
"../../../Engine/Content/EngineMaterials/T_Default_Material_Grid_N.uexp" 80
"../../../Engine/Content/Functions/Engine_MaterialFunctions01/Opacity/CameraDepthFade.uasset" 81
"../../../Engine/Content/Functions/Engine_MaterialFunctions01/Opacity/CameraDepthFade.uexp" 82
"../../../Engine/Content/EngineMaterials/WorldGridMaterial.uasset" 83
"../../../Engine/Content/EngineMaterials/WorldGridMaterial.uexp" 84
"../../../Engine/Content/ArtTools/RenderToTexture/Meshes/S_1_Unit_Plane.ubulk" 85
"../../../Engine/Content/ArtTools/RenderToTexture/Meshes/S_1_Unit_Plane.uasset" 86
"../../../Engine/Content/ArtTools/RenderToTexture/Meshes/S_1_Unit_Plane.uexp" 87
"../../../Engine/Content/EditorMaterials/ParticleSystems/PSysThumbnail_NoImage.ubulk" 88
"../../../Engine/Content/EditorMaterials/ParticleSystems/PSysThumbnail_NoImage.uasset" 89
"../../../Engine/Content/EditorMaterials/ParticleSystems/PSysThumbnail_NoImage.uexp" 90
"../../../Engine/Content/EditorMaterials/ParticleSystems/PSysThumbnail_OOD.ubulk" 91
"../../../Engine/Content/EditorMaterials/ParticleSystems/PSysThumbnail_OOD.uasset" 92
"../../../Engine/Content/EditorMaterials/ParticleSystems/PSysThumbnail_OOD.uexp" 93
"../../../Engine/Content/EditorLandscapeResources/SplineEditorMeshMat.uasset" 94
"../../../Engine/Content/EditorLandscapeResources/SplineEditorMeshMat.uexp" 95
"../../../Engine/Content/EditorLandscapeResources/SplineEditorMesh.ubulk" 96
"../../../Engine/Content/EditorLandscapeResources/SplineEditorMesh.uasset" 97
"../../../Engine/Content/EditorLandscapeResources/SplineEditorMesh.uexp" 98
"../../../Engine/Content/EditorResources/S_Solver.ubulk" 99
"../../../Engine/Content/EditorResources/S_Solver.uasset" 100
"../../../Engine/Content/EditorResources/S_Solver.uexp" 101
"../../../Engine/Plugins/Media/MediaPlate/Content/SM_MediaPlateScreen.ubulk" 102
"../../../Engine/Plugins/Media/MediaPlate/Content/SM_MediaPlateScreen.uasset" 103
"../../../Engine/Plugins/Media/MediaPlate/Content/SM_MediaPlateScreen.uexp" 104
"../../../Engine/Content/EngineMaterials/Good64x64TilingNoiseHighFreq.uasset" 105
"../../../Engine/Content/EngineMaterials/Good64x64TilingNoiseHighFreq.uexp" 106
"../../../Engine/Content/EngineMaterials/DefaultBokeh.uasset" 107
"../../../Engine/Content/EngineMaterials/DefaultBokeh.uexp" 108
"../../../Engine/Content/EngineMaterials/PreintegratedSkinBRDF.uasset" 109
"../../../Engine/Content/EngineMaterials/PreintegratedSkinBRDF.uexp" 110
"../../../Engine/Content/EngineMaterials/MiniFont.uasset" 111
"../../../Engine/Content/EngineMaterials/MiniFont.uexp" 112
"../../../Engine/Content/EngineMaterials/WeightMapPlaceholderTexture.uasset" 113
"../../../Engine/Content/EngineMaterials/WeightMapPlaceholderTexture.uexp" 114
"../../../Engine/Content/EngineMaterials/DefaultWhiteGrid.ubulk" 115
"../../../Engine/Content/EngineMaterials/DefaultWhiteGrid.uasset" 116
"../../../Engine/Content/EngineMaterials/DefaultWhiteGrid.uexp" 117
"../../../Engine/Plugins/2D/Paper2D/Content/PlaceholderTextures/DummySpriteTexture.ubulk" 118
"../../../Engine/Plugins/2D/Paper2D/Content/PlaceholderTextures/DummySpriteTexture.uasset" 119
"../../../Engine/Plugins/2D/Paper2D/Content/PlaceholderTextures/DummySpriteTexture.uexp" 120
"../../../Engine/Plugins/2D/Paper2D/Content/DefaultSpriteMaterial.uasset" 121
"../../../Engine/Plugins/2D/Paper2D/Content/DefaultSpriteMaterial.uexp" 122
"../../../Engine/Plugins/2D/Paper2D/Content/OpaqueUnlitSpriteMaterial.uasset" 123
"../../../Engine/Plugins/2D/Paper2D/Content/OpaqueUnlitSpriteMaterial.uexp" 124
"../../../Engine/Plugins/2D/Paper2D/Content/MaskedUnlitSpriteMaterial.uasset" 125
"../../../Engine/Plugins/2D/Paper2D/Content/MaskedUnlitSpriteMaterial.uexp" 126
"../../../Engine/Plugins/2D/Paper2D/Content/DummySprite.uasset" 127
"../../../Engine/Plugins/2D/Paper2D/Content/DummySprite.uexp" 128
"../../../Engine/Plugins/2D/Paper2D/Content/DefaultPaperTerrainMaterial.uasset" 129
"../../../Engine/Plugins/2D/Paper2D/Content/DefaultPaperTerrainMaterial.uexp" 130
"../../../Engine/Content/Functions/Engine_MaterialFunctions02/WorldPositionOffset/CameraOffset.uasset" 131
"../../../Engine/Content/Functions/Engine_MaterialFunctions02/WorldPositionOffset/CameraOffset.uexp" 132
"../../../Engine/Plugins/Animation/ControlRig/Content/M_Manip.uasset" 133
"../../../Engine/Plugins/Animation/ControlRig/Content/M_Manip.uexp" 134
"../../../Engine/Content/EditorLandscapeResources/DefaultAlphaTexture.uasset" 135
"../../../Engine/Content/EditorLandscapeResources/DefaultAlphaTexture.uexp" 136
"../../../Engine/Content/EditorLandscapeResources/DataLayer.uasset" 137
"../../../Engine/Content/EditorLandscapeResources/DataLayer.uexp" 138
"../../../Engine/Content/EngineSounds/Master.uasset" 139
"../../../Engine/Content/EngineSounds/Master.uexp" 140
"../../../Engine/Content/EngineSky/T_Sky_Stars.ubulk" 141
"../../../Engine/Content/EngineSky/T_Sky_Stars.uasset" 142
"../../../Engine/Content/EngineSky/T_Sky_Stars.uexp" 143
"../../../Engine/Content/EngineSky/T_Sky_Clouds_M.ubulk" 144
"../../../Engine/Content/EngineSky/T_Sky_Clouds_M.uasset" 145
"../../../Engine/Content/EngineSky/T_Sky_Clouds_M.uexp" 146
"../../../Engine/Content/EngineSky/T_Sky_Blue.ubulk" 147
"../../../Engine/Content/EngineSky/T_Sky_Blue.uasset" 148
"../../../Engine/Content/EngineSky/T_Sky_Blue.uexp" 149
"../../../Engine/Content/EngineSky/M_Sky_Panning_Clouds2.uasset" 150
"../../../Engine/Content/EngineSky/M_Sky_Panning_Clouds2.uexp" 151
"../../../Engine/Content/EngineSky/SM_SkySphere.ubulk" 152
"../../../Engine/Content/EngineSky/SM_SkySphere.uasset" 153
"../../../Engine/Content/EngineSky/SM_SkySphere.uexp" 154
"../../../Engine/Content/EngineSky/M_SimpleSkyDome.uasset" 155
"../../../Engine/Content/EngineSky/M_SimpleSkyDome.uexp" 156
"../../../Engine/Plugins/Interchange/Runtime/Content/Pipelines/DefaultTexturePipeline.uasset" 157
"../../../Engine/Plugins/Interchange/Runtime/Content/Pipelines/DefaultTexturePipeline.uexp" 158
"../../../Engine/Plugins/Interchange/Runtime/Content/Pipelines/DefaultSceneLevelPipeline.uasset" 159
"../../../Engine/Plugins/Interchange/Runtime/Content/Pipelines/DefaultSceneLevelPipeline.uexp" 160
"../../../Engine/Plugins/Interchange/Runtime/Content/Pipelines/DefaultSceneAssetsPipeline.uasset" 161
"../../../Engine/Plugins/Interchange/Runtime/Content/Pipelines/DefaultSceneAssetsPipeline.uexp" 162
"../../../Engine/Plugins/Interchange/Runtime/Content/Pipelines/DefaultMaterialPipeline.uasset" 163
"../../../Engine/Plugins/Interchange/Runtime/Content/Pipelines/DefaultMaterialPipeline.uexp" 164
"../../../Engine/Plugins/Interchange/Runtime/Content/Pipelines/DefaultAssetsPipeline.uasset" 165
"../../../Engine/Plugins/Interchange/Runtime/Content/Pipelines/DefaultAssetsPipeline.uexp" 166
"../../../Engine/Plugins/Runtime/MeshModelingToolset/Content/Materials/M_DynamicMeshComponentVtxColor.uasset" 167
"../../../Engine/Plugins/Runtime/MeshModelingToolset/Content/Materials/M_DynamicMeshComponentVtxColor.uexp" 168
"../../../Engine/Plugins/Editor/SpeedTreeImporter/Content/SpeedTree9/game_wind_noise.ubulk" 169
"../../../Engine/Plugins/Editor/SpeedTreeImporter/Content/SpeedTree9/game_wind_noise.uasset" 170
"../../../Engine/Plugins/Editor/SpeedTreeImporter/Content/SpeedTree9/game_wind_noise.uexp" 171
"../../../Engine/Plugins/Editor/SpeedTreeImporter/Content/SpeedTree9/UnpackDirection.uasset" 172
"../../../Engine/Plugins/Editor/SpeedTreeImporter/Content/SpeedTree9/UnpackDirection.uexp" 173
"../../../Engine/Content/Functions/Engine_MaterialFunctions02/ObjectLocalBounds.uasset" 174
"../../../Engine/Content/Functions/Engine_MaterialFunctions02/ObjectLocalBounds.uexp" 175
"../../../Engine/Content/Functions/Engine_MaterialFunctions02/Utility/BreakOutFloat3Components.uasset" 176
"../../../Engine/Content/Functions/Engine_MaterialFunctions02/Utility/BreakOutFloat3Components.uexp" 177
"../../../Engine/Content/Functions/Engine_MaterialFunctions02/UVs/BoundingBoxBased_0-1_UVW.uasset" 178
"../../../Engine/Content/Functions/Engine_MaterialFunctions02/UVs/BoundingBoxBased_0-1_UVW.uexp" 179
"../../../Engine/Content/Functions/Engine_MaterialFunctions02/Utility/VectorLength.uasset" 180
"../../../Engine/Content/Functions/Engine_MaterialFunctions02/Utility/VectorLength.uexp" 181
"../../../Engine/Plugins/Editor/SpeedTreeImporter/Content/SpeedTree9/UnpackInteger3.uasset" 182
"../../../Engine/Plugins/Editor/SpeedTreeImporter/Content/SpeedTree9/UnpackInteger3.uexp" 183
"../../../Engine/Plugins/Editor/SpeedTreeImporter/Content/SpeedTree9/SpeedTreeCameraFacing.uasset" 184
"../../../Engine/Plugins/Editor/SpeedTreeImporter/Content/SpeedTree9/SpeedTreeCameraFacing.uexp" 185
"../../../Engine/Content/Functions/Engine_MaterialFunctions02/WorldPositionOffset/ObjectScale.uasset" 186
"../../../Engine/Content/Functions/Engine_MaterialFunctions02/WorldPositionOffset/ObjectScale.uexp" 187
"../../../Engine/Content/Functions/Engine_MaterialFunctions02/SafeNormalize.uasset" 188
"../../../Engine/Content/Functions/Engine_MaterialFunctions02/SafeNormalize.uexp" 189
"../../../Engine/Plugins/Editor/SpeedTreeImporter/Content/SpeedTree9/SpeedTreeWindMotion.uasset" 190
"../../../Engine/Plugins/Editor/SpeedTreeImporter/Content/SpeedTree9/SpeedTreeWindMotion.uexp" 191
"../../../Engine/Plugins/Editor/SpeedTreeImporter/Content/SpeedTree9/SpeedTreeBranchMotion.uasset" 192
"../../../Engine/Plugins/Editor/SpeedTreeImporter/Content/SpeedTree9/SpeedTreeBranchMotion.uexp" 193
"../../../Engine/Plugins/Editor/SpeedTreeImporter/Content/SpeedTree9/SpeedTreeWind.uasset" 194
"../../../Engine/Plugins/Editor/SpeedTreeImporter/Content/SpeedTree9/SpeedTreeWind.uexp" 195
"../../../Engine/Plugins/Editor/SpeedTreeImporter/Content/SpeedTree9/EmptyNormal.uasset" 196
"../../../Engine/Plugins/Editor/SpeedTreeImporter/Content/SpeedTree9/EmptyNormal.uexp" 197
"../../../Engine/Plugins/Editor/SpeedTreeImporter/Content/SpeedTree9/Empty.uasset" 198
"../../../Engine/Plugins/Editor/SpeedTreeImporter/Content/SpeedTree9/Empty.uexp" 199
"../../../Engine/Plugins/Editor/SpeedTreeImporter/Content/SpeedTree9/SpeedTreeMaster.uasset" 200
"../../../Engine/Plugins/Editor/SpeedTreeImporter/Content/SpeedTree9/SpeedTreeMaster.uexp" 201
"../../../Engine/Plugins/Editor/SpeedTreeImporter/Content/SpeedTree9/SpeedTreeBillboard.uasset" 202
"../../../Engine/Plugins/Editor/SpeedTreeImporter/Content/SpeedTree9/SpeedTreeBillboard.uexp" 203
"../../../Engine/Plugins/Editor/SpeedTreeImporter/Content/SpeedTree9/SpeedTreeBillboardMaster.uasset" 204
"../../../Engine/Plugins/Editor/SpeedTreeImporter/Content/SpeedTree9/SpeedTreeBillboardMaster.uexp" 205
"../../../Engine/Plugins/Animation/ControlRig/Content/Controls/DefaultGizmoLibraryNormalized.uasset" 206
"../../../Engine/Plugins/Animation/ControlRig/Content/Controls/DefaultGizmoLibraryNormalized.uexp" 207
"../../../Engine/Plugins/Animation/ControlRig/Content/Controls/ControlRig_Wedge_solid.ubulk" 208
"../../../Engine/Plugins/Animation/ControlRig/Content/Controls/ControlRig_Wedge_solid.uasset" 209
"../../../Engine/Plugins/Animation/ControlRig/Content/Controls/ControlRig_Wedge_solid.uexp" 210
"../../../Engine/Plugins/Animation/ControlRig/Content/Controls/ControlRig_Wedge_3mm.ubulk" 211
"../../../Engine/Plugins/Animation/ControlRig/Content/Controls/ControlRig_Wedge_3mm.uasset" 212
"../../../Engine/Plugins/Animation/ControlRig/Content/Controls/ControlRig_Wedge_3mm.uexp" 213
"../../../Engine/Plugins/Animation/ControlRig/Content/Controls/ControlRig_Wedge_1mm.ubulk" 214
"../../../Engine/Plugins/Animation/ControlRig/Content/Controls/ControlRig_Wedge_1mm.uasset" 215
"../../../Engine/Plugins/Animation/ControlRig/Content/Controls/ControlRig_Wedge_1mm.uexp" 216
"../../../Engine/Plugins/Animation/ControlRig/Content/Controls/ControlRig_Triangle_solid.ubulk" 217
"../../../Engine/Plugins/Animation/ControlRig/Content/Controls/ControlRig_Triangle_solid.uasset" 218
"../../../Engine/Plugins/Animation/ControlRig/Content/Controls/ControlRig_Triangle_solid.uexp" 219
"../../../Engine/Plugins/Animation/ControlRig/Content/Controls/ControlRig_Triangle_3mm.ubulk" 220
"../../../Engine/Plugins/Animation/ControlRig/Content/Controls/ControlRig_Triangle_3mm.uasset" 221
"../../../Engine/Plugins/Animation/ControlRig/Content/Controls/ControlRig_Triangle_3mm.uexp" 222
"../../../Engine/Plugins/Animation/ControlRig/Content/Controls/ControlRig_Triangle_1mm.ubulk" 223
"../../../Engine/Plugins/Animation/ControlRig/Content/Controls/ControlRig_Triangle_1mm.uasset" 224
"../../../Engine/Plugins/Animation/ControlRig/Content/Controls/ControlRig_Triangle_1mm.uexp" 225
"../../../Engine/Plugins/Animation/ControlRig/Content/Controls/ControlRig_Star4_solid.ubulk" 226
"../../../Engine/Plugins/Animation/ControlRig/Content/Controls/ControlRig_Star4_solid.uasset" 227
"../../../Engine/Plugins/Animation/ControlRig/Content/Controls/ControlRig_Star4_solid.uexp" 228
"../../../Engine/Plugins/Animation/ControlRig/Content/Controls/ControlRig_Star4_3mm.ubulk" 229
"../../../Engine/Plugins/Animation/ControlRig/Content/Controls/ControlRig_Star4_3mm.uasset" 230
"../../../Engine/Plugins/Animation/ControlRig/Content/Controls/ControlRig_Star4_3mm.uexp" 231
"../../../Engine/Plugins/Animation/ControlRig/Content/Controls/ControlRig_Star4_1mm.ubulk" 232
"../../../Engine/Plugins/Animation/ControlRig/Content/Controls/ControlRig_Star4_1mm.uasset" 233
"../../../Engine/Plugins/Animation/ControlRig/Content/Controls/ControlRig_Star4_1mm.uexp" 234
"../../../Engine/Plugins/Animation/ControlRig/Content/Controls/ControlRig_Square_solid.ubulk" 235
"../../../Engine/Plugins/Animation/ControlRig/Content/Controls/ControlRig_Square_solid.uasset" 236
"../../../Engine/Plugins/Animation/ControlRig/Content/Controls/ControlRig_Square_solid.uexp" 237
"../../../Engine/Plugins/Animation/ControlRig/Content/Controls/ControlRig_Square_3mm.ubulk" 238
"../../../Engine/Plugins/Animation/ControlRig/Content/Controls/ControlRig_Square_3mm.uasset" 239
"../../../Engine/Plugins/Animation/ControlRig/Content/Controls/ControlRig_Square_3mm.uexp" 240
"../../../Engine/Plugins/Animation/ControlRig/Content/Controls/ControlRig_Square_1mm.ubulk" 241
"../../../Engine/Plugins/Animation/ControlRig/Content/Controls/ControlRig_Square_1mm.uasset" 242
"../../../Engine/Plugins/Animation/ControlRig/Content/Controls/ControlRig_Square_1mm.uexp" 243
"../../../Engine/Plugins/Animation/ControlRig/Content/Controls/ControlRig_Sphere_solid.ubulk" 244
"../../../Engine/Plugins/Animation/ControlRig/Content/Controls/ControlRig_Sphere_solid.uasset" 245
"../../../Engine/Plugins/Animation/ControlRig/Content/Controls/ControlRig_Sphere_solid.uexp" 246
"../../../Engine/Plugins/Animation/ControlRig/Content/Controls/ControlRig_Sphere_3mm.ubulk" 247
"../../../Engine/Plugins/Animation/ControlRig/Content/Controls/ControlRig_Sphere_3mm.uasset" 248
"../../../Engine/Plugins/Animation/ControlRig/Content/Controls/ControlRig_Sphere_3mm.uexp" 249
"../../../Engine/Plugins/Animation/ControlRig/Content/Controls/ControlRig_Sphere_1mm.ubulk" 250
"../../../Engine/Plugins/Animation/ControlRig/Content/Controls/ControlRig_Sphere_1mm.uasset" 251
"../../../Engine/Plugins/Animation/ControlRig/Content/Controls/ControlRig_Sphere_1mm.uexp" 252
"../../../Engine/Plugins/Animation/ControlRig/Content/Controls/ControlRig_RoundedTriangle_solid.ubulk" 253
"../../../Engine/Plugins/Animation/ControlRig/Content/Controls/ControlRig_RoundedTriangle_solid.uasset" 254
"../../../Engine/Plugins/Animation/ControlRig/Content/Controls/ControlRig_RoundedTriangle_solid.uexp" 255
"../../../Engine/Plugins/Animation/ControlRig/Content/Controls/ControlRig_RoundedTriangle_3mm.ubulk" 256
"../../../Engine/Plugins/Animation/ControlRig/Content/Controls/ControlRig_RoundedTriangle_3mm.uasset" 257
"../../../Engine/Plugins/Animation/ControlRig/Content/Controls/ControlRig_RoundedTriangle_3mm.uexp" 258
"../../../Engine/Plugins/Animation/ControlRig/Content/Controls/ControlRig_RoundedTriangle_1mm.ubulk" 259
"../../../Engine/Plugins/Animation/ControlRig/Content/Controls/ControlRig_RoundedTriangle_1mm.uasset" 260
"../../../Engine/Plugins/Animation/ControlRig/Content/Controls/ControlRig_RoundedTriangle_1mm.uexp" 261
"../../../Engine/Plugins/Animation/ControlRig/Content/Controls/ControlRig_RoundedSquare_solid.ubulk" 262
"../../../Engine/Plugins/Animation/ControlRig/Content/Controls/ControlRig_RoundedSquare_solid.uasset" 263
"../../../Engine/Plugins/Animation/ControlRig/Content/Controls/ControlRig_RoundedSquare_solid.uexp" 264
"../../../Engine/Plugins/Animation/ControlRig/Content/Controls/ControlRig_RoundedSquare_3mm.ubulk" 265
"../../../Engine/Plugins/Animation/ControlRig/Content/Controls/ControlRig_RoundedSquare_3mm.uasset" 266
"../../../Engine/Plugins/Animation/ControlRig/Content/Controls/ControlRig_RoundedSquare_3mm.uexp" 267
"../../../Engine/Plugins/Animation/ControlRig/Content/Controls/ControlRig_RoundedSquare_1mm.ubulk" 268
"../../../Engine/Plugins/Animation/ControlRig/Content/Controls/ControlRig_RoundedSquare_1mm.uasset" 269
"../../../Engine/Plugins/Animation/ControlRig/Content/Controls/ControlRig_RoundedSquare_1mm.uexp" 270
"../../../Engine/Plugins/Animation/ControlRig/Content/Controls/ControlRig_QuarterCircle_solid.ubulk" 271
"../../../Engine/Plugins/Animation/ControlRig/Content/Controls/ControlRig_QuarterCircle_solid.uasset" 272
"../../../Engine/Plugins/Animation/ControlRig/Content/Controls/ControlRig_QuarterCircle_solid.uexp" 273
"../../../Engine/Plugins/Animation/ControlRig/Content/Controls/ControlRig_QuarterCircle_3mm.ubulk" 274
"../../../Engine/Plugins/Animation/ControlRig/Content/Controls/ControlRig_QuarterCircle_3mm.uasset" 275
"../../../Engine/Plugins/Animation/ControlRig/Content/Controls/ControlRig_QuarterCircle_3mm.uexp" 276
"../../../Engine/Plugins/Animation/ControlRig/Content/Controls/ControlRig_QuarterCircle_1mm.ubulk" 277
"../../../Engine/Plugins/Animation/ControlRig/Content/Controls/ControlRig_QuarterCircle_1mm.uasset" 278
"../../../Engine/Plugins/Animation/ControlRig/Content/Controls/ControlRig_QuarterCircle_1mm.uexp" 279
"../../../Engine/Plugins/Animation/ControlRig/Content/Controls/ControlRig_Pyramid_solid.ubulk" 280
"../../../Engine/Plugins/Animation/ControlRig/Content/Controls/ControlRig_Pyramid_solid.uasset" 281
"../../../Engine/Plugins/Animation/ControlRig/Content/Controls/ControlRig_Pyramid_solid.uexp" 282
"../../../Engine/Plugins/Animation/ControlRig/Content/Controls/ControlRig_Pyramid_3mm.ubulk" 283
"../../../Engine/Plugins/Animation/ControlRig/Content/Controls/ControlRig_Pyramid_3mm.uasset" 284
"../../../Engine/Plugins/Animation/ControlRig/Content/Controls/ControlRig_Pyramid_3mm.uexp" 285
"../../../Engine/Plugins/Animation/ControlRig/Content/Controls/ControlRig_Pyramid_1mm.ubulk" 286
"../../../Engine/Plugins/Animation/ControlRig/Content/Controls/ControlRig_Pyramid_1mm.uasset" 287
"../../../Engine/Plugins/Animation/ControlRig/Content/Controls/ControlRig_Pyramid_1mm.uexp" 288
"../../../Engine/Plugins/Animation/ControlRig/Content/Controls/ControlRig_Octagon_solid.ubulk" 289
"../../../Engine/Plugins/Animation/ControlRig/Content/Controls/ControlRig_Octagon_solid.uasset" 290
"../../../Engine/Plugins/Animation/ControlRig/Content/Controls/ControlRig_Octagon_solid.uexp" 291
"../../../Engine/Plugins/Animation/ControlRig/Content/Controls/ControlRig_Octagon_3mm.ubulk" 292
"../../../Engine/Plugins/Animation/ControlRig/Content/Controls/ControlRig_Octagon_3mm.uasset" 293
"../../../Engine/Plugins/Animation/ControlRig/Content/Controls/ControlRig_Octagon_3mm.uexp" 294
"../../../Engine/Plugins/Animation/ControlRig/Content/Controls/ControlRig_Octagon_1mm.ubulk" 295
"../../../Engine/Plugins/Animation/ControlRig/Content/Controls/ControlRig_Octagon_1mm.uasset" 296
"../../../Engine/Plugins/Animation/ControlRig/Content/Controls/ControlRig_Octagon_1mm.uexp" 297
"../../../Engine/Plugins/Animation/ControlRig/Content/Controls/ControlRig_Hexagon_solid.ubulk" 298
"../../../Engine/Plugins/Animation/ControlRig/Content/Controls/ControlRig_Hexagon_solid.uasset" 299
"../../../Engine/Plugins/Animation/ControlRig/Content/Controls/ControlRig_Hexagon_solid.uexp" 300
"../../../Engine/Plugins/Animation/ControlRig/Content/Controls/ControlRig_Hexagon_3mm.ubulk" 301
"../../../Engine/Plugins/Animation/ControlRig/Content/Controls/ControlRig_Hexagon_3mm.uasset" 302
"../../../Engine/Plugins/Animation/ControlRig/Content/Controls/ControlRig_Hexagon_3mm.uexp" 303
"../../../Engine/Plugins/Animation/ControlRig/Content/Controls/ControlRig_Hexagon_1mm.ubulk" 304
"../../../Engine/Plugins/Animation/ControlRig/Content/Controls/ControlRig_Hexagon_1mm.uasset" 305
"../../../Engine/Plugins/Animation/ControlRig/Content/Controls/ControlRig_Hexagon_1mm.uexp" 306
"../../../Engine/Plugins/Animation/ControlRig/Content/Controls/ControlRig_HalfCircle_solid.ubulk" 307
"../../../Engine/Plugins/Animation/ControlRig/Content/Controls/ControlRig_HalfCircle_solid.uasset" 308
"../../../Engine/Plugins/Animation/ControlRig/Content/Controls/ControlRig_HalfCircle_solid.uexp" 309
"../../../Engine/Plugins/Animation/ControlRig/Content/Controls/ControlRig_HalfCircle_3mm.ubulk" 310
"../../../Engine/Plugins/Animation/ControlRig/Content/Controls/ControlRig_HalfCircle_3mm.uasset" 311
"../../../Engine/Plugins/Animation/ControlRig/Content/Controls/ControlRig_HalfCircle_3mm.uexp" 312
"../../../Engine/Plugins/Animation/ControlRig/Content/Controls/ControlRig_HalfCircle_1mm.ubulk" 313
"../../../Engine/Plugins/Animation/ControlRig/Content/Controls/ControlRig_HalfCircle_1mm.uasset" 314
"../../../Engine/Plugins/Animation/ControlRig/Content/Controls/ControlRig_HalfCircle_1mm.uexp" 315
"../../../Engine/Plugins/Animation/ControlRig/Content/Controls/ControlRig_Diamond_solid.ubulk" 316
"../../../Engine/Plugins/Animation/ControlRig/Content/Controls/ControlRig_Diamond_solid.uasset" 317
"../../../Engine/Plugins/Animation/ControlRig/Content/Controls/ControlRig_Diamond_solid.uexp" 318
"../../../Engine/Plugins/Animation/ControlRig/Content/Controls/ControlRig_Diamond_3mm.ubulk" 319
"../../../Engine/Plugins/Animation/ControlRig/Content/Controls/ControlRig_Diamond_3mm.uasset" 320
"../../../Engine/Plugins/Animation/ControlRig/Content/Controls/ControlRig_Diamond_3mm.uexp" 321
"../../../Engine/Plugins/Animation/ControlRig/Content/Controls/ControlRig_Diamond_1mm.ubulk" 322
"../../../Engine/Plugins/Animation/ControlRig/Content/Controls/ControlRig_Diamond_1mm.uasset" 323
"../../../Engine/Plugins/Animation/ControlRig/Content/Controls/ControlRig_Diamond_1mm.uexp" 324
"../../../Engine/Plugins/Animation/ControlRig/Content/Controls/ControlRig_Circle_solid.ubulk" 325
"../../../Engine/Plugins/Animation/ControlRig/Content/Controls/ControlRig_Circle_solid.uasset" 326
"../../../Engine/Plugins/Animation/ControlRig/Content/Controls/ControlRig_Circle_solid.uexp" 327
"../../../Engine/Plugins/Animation/ControlRig/Content/Controls/ControlRig_Circle_3mm.ubulk" 328
"../../../Engine/Plugins/Animation/ControlRig/Content/Controls/ControlRig_Circle_3mm.uasset" 329
"../../../Engine/Plugins/Animation/ControlRig/Content/Controls/ControlRig_Circle_3mm.uexp" 330
"../../../Engine/Plugins/Animation/ControlRig/Content/Controls/ControlRig_Circle_1mm.ubulk" 331
"../../../Engine/Plugins/Animation/ControlRig/Content/Controls/ControlRig_Circle_1mm.uasset" 332
"../../../Engine/Plugins/Animation/ControlRig/Content/Controls/ControlRig_Circle_1mm.uexp" 333
"../../../Engine/Plugins/Animation/ControlRig/Content/Controls/ControlRig_Box_solid.ubulk" 334
"../../../Engine/Plugins/Animation/ControlRig/Content/Controls/ControlRig_Box_solid.uasset" 335
"../../../Engine/Plugins/Animation/ControlRig/Content/Controls/ControlRig_Box_solid.uexp" 336
"../../../Engine/Plugins/Animation/ControlRig/Content/Controls/ControlRig_Box_3mm.ubulk" 337
"../../../Engine/Plugins/Animation/ControlRig/Content/Controls/ControlRig_Box_3mm.uasset" 338
"../../../Engine/Plugins/Animation/ControlRig/Content/Controls/ControlRig_Box_3mm.uexp" 339
"../../../Engine/Plugins/Animation/ControlRig/Content/Controls/ControlRig_Box_1mm.ubulk" 340
"../../../Engine/Plugins/Animation/ControlRig/Content/Controls/ControlRig_Box_1mm.uasset" 341
"../../../Engine/Plugins/Animation/ControlRig/Content/Controls/ControlRig_Box_1mm.uexp" 342
"../../../Engine/Plugins/Animation/ControlRig/Content/Controls/ControlRig_Arrow_solid.ubulk" 343
"../../../Engine/Plugins/Animation/ControlRig/Content/Controls/ControlRig_Arrow_solid.uasset" 344
"../../../Engine/Plugins/Animation/ControlRig/Content/Controls/ControlRig_Arrow_solid.uexp" 345
"../../../Engine/Plugins/Animation/ControlRig/Content/Controls/ControlRig_Arrow_3mm.ubulk" 346
"../../../Engine/Plugins/Animation/ControlRig/Content/Controls/ControlRig_Arrow_3mm.uasset" 347
"../../../Engine/Plugins/Animation/ControlRig/Content/Controls/ControlRig_Arrow_3mm.uexp" 348
"../../../Engine/Plugins/Animation/ControlRig/Content/Controls/ControlRig_Arrow_1mm.ubulk" 349
"../../../Engine/Plugins/Animation/ControlRig/Content/Controls/ControlRig_Arrow_1mm.uasset" 350
"../../../Engine/Plugins/Animation/ControlRig/Content/Controls/ControlRig_Arrow_1mm.uexp" 351
"../../../Engine/Plugins/Animation/ControlRig/Content/Controls/ControlRig_Arrow4_solid.ubulk" 352
"../../../Engine/Plugins/Animation/ControlRig/Content/Controls/ControlRig_Arrow4_solid.uasset" 353
"../../../Engine/Plugins/Animation/ControlRig/Content/Controls/ControlRig_Arrow4_solid.uexp" 354
"../../../Engine/Plugins/Animation/ControlRig/Content/Controls/ControlRig_Arrow4_3mm.ubulk" 355
"../../../Engine/Plugins/Animation/ControlRig/Content/Controls/ControlRig_Arrow4_3mm.uasset" 356
"../../../Engine/Plugins/Animation/ControlRig/Content/Controls/ControlRig_Arrow4_3mm.uexp" 357
"../../../Engine/Plugins/Animation/ControlRig/Content/Controls/ControlRig_Arrow4_1mm.ubulk" 358
"../../../Engine/Plugins/Animation/ControlRig/Content/Controls/ControlRig_Arrow4_1mm.uasset" 359
"../../../Engine/Plugins/Animation/ControlRig/Content/Controls/ControlRig_Arrow4_1mm.uexp" 360
"../../../Engine/Plugins/Animation/ControlRig/Content/Controls/ControlRig_Arrow2_solid.ubulk" 361
"../../../Engine/Plugins/Animation/ControlRig/Content/Controls/ControlRig_Arrow2_solid.uasset" 362
"../../../Engine/Plugins/Animation/ControlRig/Content/Controls/ControlRig_Arrow2_solid.uexp" 363
"../../../Engine/Plugins/Animation/ControlRig/Content/Controls/ControlRig_Arrow2_3mm.ubulk" 364
"../../../Engine/Plugins/Animation/ControlRig/Content/Controls/ControlRig_Arrow2_3mm.uasset" 365
"../../../Engine/Plugins/Animation/ControlRig/Content/Controls/ControlRig_Arrow2_3mm.uexp" 366
"../../../Engine/Plugins/Animation/ControlRig/Content/Controls/ControlRig_Arrow2_1mm.ubulk" 367
"../../../Engine/Plugins/Animation/ControlRig/Content/Controls/ControlRig_Arrow2_1mm.uasset" 368
"../../../Engine/Plugins/Animation/ControlRig/Content/Controls/ControlRig_Arrow2_1mm.uexp" 369
"../../../Engine/Plugins/Animation/ControlRig/Content/Controls/ControlRigXRayMaterial.uasset" 370
"../../../Engine/Plugins/Animation/ControlRig/Content/Controls/ControlRigXRayMaterial.uexp" 371
"../../../Engine/Plugins/Animation/ControlRig/Content/Controls/ControlRigGizmoMaterial.uasset" 372
"../../../Engine/Plugins/Animation/ControlRig/Content/Controls/ControlRigGizmoMaterial.uexp" 373
"../../../Engine/Content/EngineResources/WhiteSquareTexture.uasset" 374
"../../../Engine/Content/EngineResources/WhiteSquareTexture.uexp" 375
"../../../Engine/Content/EngineMaterials/Widget3DPassThrough.uasset" 376
"../../../Engine/Content/EngineMaterials/Widget3DPassThrough.uexp" 377
"../../../Engine/Content/EngineMaterials/Widget3DPassThrough_Translucent.uasset" 378
"../../../Engine/Content/EngineMaterials/Widget3DPassThrough_Translucent.uexp" 379
"../../../Engine/Content/EngineMaterials/Widget3DPassThrough_Translucent_OneSided.uasset" 380
"../../../Engine/Content/EngineMaterials/Widget3DPassThrough_Translucent_OneSided.uexp" 381
"../../../Engine/Content/EngineMaterials/Widget3DPassThrough_Opaque.uasset" 382
"../../../Engine/Content/EngineMaterials/Widget3DPassThrough_Opaque.uexp" 383
"../../../Engine/Content/EngineMaterials/Widget3DPassThrough_Opaque_OneSided.uasset" 384
"../../../Engine/Content/EngineMaterials/Widget3DPassThrough_Opaque_OneSided.uexp" 385
"../../../Engine/Content/EngineMaterials/Widget3DPassThrough_Masked_OneSided.uasset" 386
"../../../Engine/Content/EngineMaterials/Widget3DPassThrough_Masked_OneSided.uexp" 387
"../../../Engine/Content/EngineMaterials/Widget3DPassThrough_Masked.uasset" 388
"../../../Engine/Content/EngineMaterials/Widget3DPassThrough_Masked.uexp" 389
"../../../Engine/Content/EngineMaterials/STBlueNoise_vec2_128x128x64.uasset" 390
"../../../Engine/Content/EngineMaterials/STBlueNoise_vec2_128x128x64.uexp" 391
"../../../Engine/Content/EngineMaterials/STBlueNoise_scalar_128x128x64.uasset" 392
"../../../Engine/Content/EngineMaterials/STBlueNoise_scalar_128x128x64.uexp" 393
"../../../Engine/Content/EngineMaterials/RemoveSurfaceMaterial.uasset" 394
"../../../Engine/Content/EngineMaterials/RemoveSurfaceMaterial.uexp" 395
"../../../Engine/Content/EngineMaterials/DefaultCalibrationGrayscale.uasset" 396
"../../../Engine/Content/EngineMaterials/DefaultCalibrationGrayscale.uexp" 397
"../../../Engine/Content/EngineMaterials/PPM_DefaultCalibrationGrayscale.uasset" 398
"../../../Engine/Content/EngineMaterials/PPM_DefaultCalibrationGrayscale.uexp" 399
"../../../Engine/Content/EngineMaterials/DefaultCalibrationColor.uasset" 400
"../../../Engine/Content/EngineMaterials/DefaultCalibrationColor.uexp" 401
"../../../Engine/Content/EngineMaterials/PPM_DefaultCalibrationColor.uasset" 402
"../../../Engine/Content/EngineMaterials/PPM_DefaultCalibrationColor.uexp" 403
"../../../Engine/Content/EngineMaterials/PhAT_JointLimitMaterial.uasset" 404
"../../../Engine/Content/EngineMaterials/PhAT_JointLimitMaterial.uexp" 405
"../../../Engine/Content/EngineMaterials/NaniteHiddenSectionMaterial.uasset" 406
"../../../Engine/Content/EngineMaterials/NaniteHiddenSectionMaterial.uexp" 407
"../../../Engine/Content/EngineMaterials/InvalidLightmapSettings.ubulk" 408
"../../../Engine/Content/EngineMaterials/InvalidLightmapSettings.uasset" 409
"../../../Engine/Content/EngineMaterials/InvalidLightmapSettings.uexp" 410
"../../../Engine/Content/EngineMaterials/M_InvalidLightmapSettings.uasset" 411
"../../../Engine/Content/EngineMaterials/M_InvalidLightmapSettings.uexp" 412
"../../../Engine/Content/EngineMaterials/GizmoMaterial.uasset" 413
"../../../Engine/Content/EngineMaterials/GizmoMaterial.uexp" 414
"../../../Engine/Content/EngineMaterials/BaseFlattenEmissiveMap_VT.uasset" 415
"../../../Engine/Content/EngineMaterials/BaseFlattenEmissiveMap_VT.uexp" 416
"../../../Engine/Content/EngineMaterials/BaseFlattenGrayscaleMap_VT.uasset" 417
"../../../Engine/Content/EngineMaterials/BaseFlattenGrayscaleMap_VT.uexp" 418
"../../../Engine/Content/EngineMaterials/BaseFlattenLinearColor_VT.uasset" 419
"../../../Engine/Content/EngineMaterials/BaseFlattenLinearColor_VT.uexp" 420
"../../../Engine/Content/EngineMaterials/Black_1x1_EXR_Texture_VT.uasset" 421
"../../../Engine/Content/EngineMaterials/Black_1x1_EXR_Texture_VT.uexp" 422
"../../../Engine/Content/EngineMaterials/BaseFlattenDiffuseMap_VT.uasset" 423
"../../../Engine/Content/EngineMaterials/BaseFlattenDiffuseMap_VT.uexp" 424
"../../../Engine/Content/EngineMaterials/BaseFlattenNormalMap_VT.uasset" 425
"../../../Engine/Content/EngineMaterials/BaseFlattenNormalMap_VT.uexp" 426
"../../../Engine/Content/EngineMaterials/FlattenMaterial_WS_Normal_VT.uasset" 427
"../../../Engine/Content/EngineMaterials/FlattenMaterial_WS_Normal_VT.uexp" 428
"../../../Engine/Content/EngineMaterials/FlattenMaterial_VT.uasset" 429
"../../../Engine/Content/EngineMaterials/FlattenMaterial_VT.uexp" 430
"../../../Engine/Content/EngineMaterials/BaseFlattenNormalMap.uasset" 431
"../../../Engine/Content/EngineMaterials/BaseFlattenNormalMap.uexp" 432
"../../../Engine/Content/EngineMaterials/BaseFlattenGrayscaleMap.uasset" 433
"../../../Engine/Content/EngineMaterials/BaseFlattenGrayscaleMap.uexp" 434
"../../../Engine/Content/EngineMaterials/BaseFlattenDiffuseMap.uasset" 435
"../../../Engine/Content/EngineMaterials/BaseFlattenDiffuseMap.uexp" 436
"../../../Engine/Content/Functions/Engine_MaterialFunctions02/PivotPainter2/Black_1x1_EXR_Texture.uasset" 437
"../../../Engine/Content/Functions/Engine_MaterialFunctions02/PivotPainter2/Black_1x1_EXR_Texture.uexp" 438
"../../../Engine/Content/EngineMaterials/BaseFlattenEmissiveMap.uasset" 439
"../../../Engine/Content/EngineMaterials/BaseFlattenEmissiveMap.uexp" 440
"../../../Engine/Content/EngineMaterials/BaseFlattenLinearColor.uasset" 441
"../../../Engine/Content/EngineMaterials/BaseFlattenLinearColor.uexp" 442
"../../../Engine/Content/EngineMaterials/FlattenMaterial.uasset" 443
"../../../Engine/Content/EngineMaterials/FlattenMaterial.uexp" 444
"../../../Engine/Content/EngineMaterials/DefaultWhiteGrid_Low.uasset" 445
"../../../Engine/Content/EngineMaterials/DefaultWhiteGrid_Low.uexp" 446
"../../../Engine/Content/EngineMaterials/EmissiveMeshMaterial.uasset" 447
"../../../Engine/Content/EngineMaterials/EmissiveMeshMaterial.uexp" 448
"../../../Engine/Content/EngineFonts/RobotoDistanceField.uasset" 449
"../../../Engine/Content/EngineFonts/RobotoDistanceField.uexp" 450
"../../../Engine/Content/EngineMaterials/DefaultTextMaterialOpaque.uasset" 451
"../../../Engine/Content/EngineMaterials/DefaultTextMaterialOpaque.uexp" 452
"../../../Engine/Content/EngineMaterials/DefaultDiffuse.ubulk" 453
"../../../Engine/Content/EngineMaterials/DefaultDiffuse.uasset" 454
"../../../Engine/Content/EngineMaterials/DefaultDiffuse.uexp" 455
"../../../Engine/Content/Functions/Engine_MaterialFunctions02/Utility/BreakOutFloat2Components.uasset" 456
"../../../Engine/Content/Functions/Engine_MaterialFunctions02/Utility/BreakOutFloat2Components.uexp" 457
"../../../Engine/Content/EngineMaterials/DefaultPostProcessMaterial.uasset" 458
"../../../Engine/Content/EngineMaterials/DefaultPostProcessMaterial.uexp" 459
"../../../Engine/Content/EngineMaterials/DefaultPhysicalMaterial.uasset" 460
"../../../Engine/Content/EngineMaterials/DefaultPhysicalMaterial.uexp" 461
"../../../Engine/Content/EngineMaterials/DefaultLightFunctionMaterial.uasset" 462
"../../../Engine/Content/EngineMaterials/DefaultLightFunctionMaterial.uexp" 463
"../../../Engine/Content/EngineMaterials/DefaultDestructiblePhysicalMaterial.uasset" 464
"../../../Engine/Content/EngineMaterials/DefaultDestructiblePhysicalMaterial.uexp" 465
"../../../Engine/Content/EngineMaterials/DefaultDeferredDecalMaterial.uasset" 466
"../../../Engine/Content/EngineMaterials/DefaultDeferredDecalMaterial.uexp" 467
"../../../Engine/Content/EngineMaterials/DefaultBloomKernel.uasset" 468
"../../../Engine/Content/EngineMaterials/DefaultBloomKernel.uexp" 469
"../../../Engine/Content/EngineFonts/Faces/RobotoLight.uexp" 470
"../../../Engine/Content/EngineFonts/Faces/RobotoLight.uasset" 471
"../../../Engine/Content/EngineFonts/Faces/RobotoLight.ufont" 472
"../../../Engine/Content/EngineFonts/Faces/RobotoBold.uexp" 473
"../../../Engine/Content/EngineFonts/Faces/RobotoBold.uasset" 474
"../../../Engine/Content/EngineFonts/Faces/RobotoBold.ufont" 475
"../../../Engine/Content/EngineFonts/Faces/RobotoRegular.uexp" 476
"../../../Engine/Content/EngineFonts/Faces/RobotoRegular.uasset" 477
"../../../Engine/Content/EngineFonts/Faces/RobotoRegular.ufont" 478
"../../../Engine/Content/EngineFonts/Faces/DroidSansFallback.uexp" 479
"../../../Engine/Content/EngineFonts/Faces/DroidSansFallback.uasset" 480
"../../../Engine/Content/EngineFonts/Faces/DroidSansFallback.ufont" 481
"../../../Engine/Content/EngineFonts/Faces/RobotoItalic.uexp" 482
"../../../Engine/Content/EngineFonts/Faces/RobotoItalic.uasset" 483
"../../../Engine/Content/EngineFonts/Faces/RobotoItalic.ufont" 484
"../../../Engine/Content/EngineFonts/Faces/RobotoBoldItalic.uexp" 485
"../../../Engine/Content/EngineFonts/Faces/RobotoBoldItalic.uasset" 486
"../../../Engine/Content/EngineFonts/Faces/RobotoBoldItalic.ufont" 487
"../../../Engine/Content/EngineFonts/Roboto.uasset" 488
"../../../Engine/Content/EngineFonts/Roboto.uexp" 489
"../../../Engine/Content/Functions/Engine_MaterialFunctions02/Utility/CameraDirectionVector.uasset" 490
"../../../Engine/Content/Functions/Engine_MaterialFunctions02/Utility/CameraDirectionVector.uexp" 491
"../../../Engine/Content/EngineDebugMaterials/VolumeToRender.uasset" 492
"../../../Engine/Content/EngineDebugMaterials/VolumeToRender.uexp" 493
"../../../Engine/Content/EngineDebugMaterials/M_VolumeRenderSphereTracePP.uasset" 494
"../../../Engine/Content/EngineDebugMaterials/M_VolumeRenderSphereTracePP.uexp" 495
"../../../Engine/Content/EngineDebugMaterials/M_SimpleUnlitTranslucent.uasset" 496
"../../../Engine/Content/EngineDebugMaterials/M_SimpleUnlitTranslucent.uexp" 497
"../../../Engine/Content/EngineDebugMaterials/DebugMeshMaterial.uasset" 498
"../../../Engine/Content/EngineDebugMaterials/DebugMeshMaterial.uexp" 499
"../../../Engine/Content/EngineDebugMaterials/DebugEditorMaterial.uasset" 500
"../../../Engine/Content/EngineDebugMaterials/DebugEditorMaterial.uexp" 501
"../../../Engine/Content/EngineDamageTypes/DmgTypeBP_Environmental.uasset" 502
"../../../Engine/Content/EngineDamageTypes/DmgTypeBP_Environmental.uexp" 503
"../../../Engine/Content/EditorResources/S_Terrain.ubulk" 504
"../../../Engine/Content/EditorResources/S_Terrain.uasset" 505
"../../../Engine/Content/EditorResources/S_Terrain.uexp" 506
"../../../Engine/Content/EditorResources/EmptyActor.uasset" 507
"../../../Engine/Content/EditorResources/EmptyActor.uexp" 508
"../../../Engine/Content/EditorResources/BSPVertex.uasset" 509
"../../../Engine/Content/EditorResources/BSPVertex.uexp" 510
"../../../Engine/Content/EditorMaterials/PreviewShadowIndicator.ubulk" 511
"../../../Engine/Content/EditorMaterials/PreviewShadowIndicator.uasset" 512
"../../../Engine/Content/EditorMaterials/PreviewShadowIndicator.uexp" 513
"../../../Engine/Content/EditorMaterials/PreviewShadowIndicatorMaterial.uasset" 514
"../../../Engine/Content/EditorMaterials/PreviewShadowIndicatorMaterial.uexp" 515
"../../../Engine/Content/EditorMaterials/PhAT_UnselectedMaterial.uasset" 516
"../../../Engine/Content/EditorMaterials/PhAT_UnselectedMaterial.uexp" 517
"../../../Engine/Content/EditorMaterials/PhAT_NoCollisionMaterial.uasset" 518
"../../../Engine/Content/EditorMaterials/PhAT_NoCollisionMaterial.uexp" 519
"../../../Engine/Content/EngineMaterials/DefaultMaterial.uasset" 520
"../../../Engine/Content/EngineMaterials/DefaultMaterial.uexp" 521
"../../../Engine/Content/BasicShapes/Sphere.ubulk" 522
"../../../Engine/Content/BasicShapes/Sphere.uasset" 523
"../../../Engine/Content/BasicShapes/Sphere.uexp" 524
"../../../Engine/Content/BasicShapes/Plane.ubulk" 525
"../../../Engine/Content/BasicShapes/Plane.uasset" 526
"../../../Engine/Content/BasicShapes/Plane.uexp" 527
"../../../Engine/Content/BasicShapes/Cylinder.ubulk" 528
"../../../Engine/Content/BasicShapes/Cylinder.uasset" 529
"../../../Engine/Content/BasicShapes/Cylinder.uexp" 530
"../../../Engine/Content/BasicShapes/Cube.ubulk" 531
"../../../Engine/Content/BasicShapes/Cube.uasset" 532
"../../../Engine/Content/BasicShapes/Cube.uexp" 533
"../../../Engine/Content/BasicShapes/Cone.ubulk" 534
"../../../Engine/Content/BasicShapes/Cone.uasset" 535
"../../../Engine/Content/BasicShapes/Cone.uexp" 536
"C:/Projects/Unreal Engine 5/01.Courses/Unreal Engine 5 C++ Multiplayer- Make An Online Coop/CoopAdventure/Content/LevelPrototyping/Textures/T_GridChecker_A.ubulk" 537
"C:/Projects/Unreal Engine 5/01.Courses/Unreal Engine 5 C++ Multiplayer- Make An Online Coop/CoopAdventure/Content/LevelPrototyping/Textures/T_GridChecker_A.uasset" 538
"C:/Projects/Unreal Engine 5/01.Courses/Unreal Engine 5 C++ Multiplayer- Make An Online Coop/CoopAdventure/Content/LevelPrototyping/Textures/T_GridChecker_A.uexp" 539
"../../../Engine/Content/Functions/Engine_MaterialFunctions02/Utility/MakeFloat3.uasset" 540
"../../../Engine/Content/Functions/Engine_MaterialFunctions02/Utility/MakeFloat3.uexp" 541
"../../../Engine/Content/Functions/Engine_MaterialFunctions01/Gradient/LinearGradient.uasset" 542
"../../../Engine/Content/Functions/Engine_MaterialFunctions01/Gradient/LinearGradient.uexp" 543
"../../../Engine/Content/Functions/Engine_MaterialFunctions01/ImageAdjustment/CheapContrast.uasset" 544
"../../../Engine/Content/Functions/Engine_MaterialFunctions01/ImageAdjustment/CheapContrast.uexp" 545
"C:/Projects/Unreal Engine 5/01.Courses/Unreal Engine 5 C++ Multiplayer- Make An Online Coop/CoopAdventure/Content/LevelPrototyping/Materials/MF_ProcGrid.uasset" 546
"C:/Projects/Unreal Engine 5/01.Courses/Unreal Engine 5 C++ Multiplayer- Make An Online Coop/CoopAdventure/Content/LevelPrototyping/Materials/MF_ProcGrid.uexp" 547
"C:/Projects/Unreal Engine 5/01.Courses/Unreal Engine 5 C++ Multiplayer- Make An Online Coop/CoopAdventure/Content/LevelPrototyping/Materials/M_PrototypeGrid.uasset" 548
"C:/Projects/Unreal Engine 5/01.Courses/Unreal Engine 5 C++ Multiplayer- Make An Online Coop/CoopAdventure/Content/LevelPrototyping/Materials/M_PrototypeGrid.uexp" 549
"C:/Projects/Unreal Engine 5/01.Courses/Unreal Engine 5 C++ Multiplayer- Make An Online Coop/CoopAdventure/Content/LevelPrototyping/Materials/MI_PrototypeGrid_Gray.uasset" 550
"C:/Projects/Unreal Engine 5/01.Courses/Unreal Engine 5 C++ Multiplayer- Make An Online Coop/CoopAdventure/Content/LevelPrototyping/Materials/MI_PrototypeGrid_Gray.uexp" 551
"C:/Projects/Unreal Engine 5/01.Courses/Unreal Engine 5 C++ Multiplayer- Make An Online Coop/CoopAdventure/Content/LevelPrototyping/Meshes/SM_Ramp.ubulk" 552
"C:/Projects/Unreal Engine 5/01.Courses/Unreal Engine 5 C++ Multiplayer- Make An Online Coop/CoopAdventure/Content/LevelPrototyping/Meshes/SM_Ramp.uasset" 553
"C:/Projects/Unreal Engine 5/01.Courses/Unreal Engine 5 C++ Multiplayer- Make An Online Coop/CoopAdventure/Content/LevelPrototyping/Meshes/SM_Ramp.uexp" 554
"C:/Projects/Unreal Engine 5/01.Courses/Unreal Engine 5 C++ Multiplayer- Make An Online Coop/CoopAdventure/Content/LevelPrototyping/Meshes/SM_QuarterCylinder.ubulk" 555
"C:/Projects/Unreal Engine 5/01.Courses/Unreal Engine 5 C++ Multiplayer- Make An Online Coop/CoopAdventure/Content/LevelPrototyping/Meshes/SM_QuarterCylinder.uasset" 556
"C:/Projects/Unreal Engine 5/01.Courses/Unreal Engine 5 C++ Multiplayer- Make An Online Coop/CoopAdventure/Content/LevelPrototyping/Meshes/SM_QuarterCylinder.uexp" 557
"C:/Projects/Unreal Engine 5/01.Courses/Unreal Engine 5 C++ Multiplayer- Make An Online Coop/CoopAdventure/Content/LevelPrototyping/Meshes/SM_Cube.ubulk" 558
"C:/Projects/Unreal Engine 5/01.Courses/Unreal Engine 5 C++ Multiplayer- Make An Online Coop/CoopAdventure/Content/LevelPrototyping/Meshes/SM_Cube.uasset" 559
"C:/Projects/Unreal Engine 5/01.Courses/Unreal Engine 5 C++ Multiplayer- Make An Online Coop/CoopAdventure/Content/LevelPrototyping/Meshes/SM_Cube.uexp" 560
"C:/Projects/Unreal Engine 5/01.Courses/Unreal Engine 5 C++ Multiplayer- Make An Online Coop/CoopAdventure/Content/LevelPrototyping/Materials/M_Solid.uasset" 561
"C:/Projects/Unreal Engine 5/01.Courses/Unreal Engine 5 C++ Multiplayer- Make An Online Coop/CoopAdventure/Content/LevelPrototyping/Materials/M_Solid.uexp" 562
"C:/Projects/Unreal Engine 5/01.Courses/Unreal Engine 5 C++ Multiplayer- Make An Online Coop/CoopAdventure/Content/LevelPrototyping/Materials/MI_Solid_Blue.uasset" 563
"C:/Projects/Unreal Engine 5/01.Courses/Unreal Engine 5 C++ Multiplayer- Make An Online Coop/CoopAdventure/Content/LevelPrototyping/Materials/MI_Solid_Blue.uexp" 564
"C:/Projects/Unreal Engine 5/01.Courses/Unreal Engine 5 C++ Multiplayer- Make An Online Coop/CoopAdventure/Content/LevelPrototyping/Meshes/SM_ChamferCube.ubulk" 565
"C:/Projects/Unreal Engine 5/01.Courses/Unreal Engine 5 C++ Multiplayer- Make An Online Coop/CoopAdventure/Content/LevelPrototyping/Meshes/SM_ChamferCube.uasset" 566
"C:/Projects/Unreal Engine 5/01.Courses/Unreal Engine 5 C++ Multiplayer- Make An Online Coop/CoopAdventure/Content/LevelPrototyping/Meshes/SM_ChamferCube.uexp" 567
"C:/Projects/Unreal Engine 5/01.Courses/Unreal Engine 5 C++ Multiplayer- Make An Online Coop/CoopAdventure/Content/LevelPrototyping/Materials/MI_PrototypeGrid_TopDark.uasset" 568
"C:/Projects/Unreal Engine 5/01.Courses/Unreal Engine 5 C++ Multiplayer- Make An Online Coop/CoopAdventure/Content/LevelPrototyping/Materials/MI_PrototypeGrid_TopDark.uexp" 569
"C:/Projects/Unreal Engine 5/01.Courses/Unreal Engine 5 C++ Multiplayer- Make An Online Coop/CoopAdventure/Content/Characters/Mannequins/Meshes/SK_Mannequin.uasset" 570
"C:/Projects/Unreal Engine 5/01.Courses/Unreal Engine 5 C++ Multiplayer- Make An Online Coop/CoopAdventure/Content/Characters/Mannequins/Meshes/SK_Mannequin.uexp" 571
"C:/Projects/Unreal Engine 5/01.Courses/Unreal Engine 5 C++ Multiplayer- Make An Online Coop/CoopAdventure/Content/Characters/Mannequins/Textures/Quinn/T_Quinn_02ID_MSR_MSK.ubulk" 572
"C:/Projects/Unreal Engine 5/01.Courses/Unreal Engine 5 C++ Multiplayer- Make An Online Coop/CoopAdventure/Content/Characters/Mannequins/Textures/Quinn/T_Quinn_02ID_MSR_MSK.uasset" 573
"C:/Projects/Unreal Engine 5/01.Courses/Unreal Engine 5 C++ Multiplayer- Make An Online Coop/CoopAdventure/Content/Characters/Mannequins/Textures/Quinn/T_Quinn_02ID_MSR_MSK.uexp" 574
"C:/Projects/Unreal Engine 5/01.Courses/Unreal Engine 5 C++ Multiplayer- Make An Online Coop/CoopAdventure/Content/Characters/Mannequins/Textures/Quinn/T_Quinn_02ID_BN.ubulk" 575
"C:/Projects/Unreal Engine 5/01.Courses/Unreal Engine 5 C++ Multiplayer- Make An Online Coop/CoopAdventure/Content/Characters/Mannequins/Textures/Quinn/T_Quinn_02ID_BN.uasset" 576
"C:/Projects/Unreal Engine 5/01.Courses/Unreal Engine 5 C++ Multiplayer- Make An Online Coop/CoopAdventure/Content/Characters/Mannequins/Textures/Quinn/T_Quinn_02ID_BN.uexp" 577
"C:/Projects/Unreal Engine 5/01.Courses/Unreal Engine 5 C++ Multiplayer- Make An Online Coop/CoopAdventure/Content/Characters/Mannequins/Textures/Quinn/T_Quinn_02_ASAOMASK_MSK.ubulk" 578
"C:/Projects/Unreal Engine 5/01.Courses/Unreal Engine 5 C++ Multiplayer- Make An Online Coop/CoopAdventure/Content/Characters/Mannequins/Textures/Quinn/T_Quinn_02_ASAOMASK_MSK.uasset" 579
"C:/Projects/Unreal Engine 5/01.Courses/Unreal Engine 5 C++ Multiplayer- Make An Online Coop/CoopAdventure/Content/Characters/Mannequins/Textures/Quinn/T_Quinn_02_ASAOMASK_MSK.uexp" 580
"C:/Projects/Unreal Engine 5/01.Courses/Unreal Engine 5 C++ Multiplayer- Make An Online Coop/CoopAdventure/Content/Characters/Mannequins/Textures/Quinn/T_Quinn_02_CCRCCPlastic_MSK.ubulk" 581
"C:/Projects/Unreal Engine 5/01.Courses/Unreal Engine 5 C++ Multiplayer- Make An Online Coop/CoopAdventure/Content/Characters/Mannequins/Textures/Quinn/T_Quinn_02_CCRCCPlastic_MSK.uasset" 582
"C:/Projects/Unreal Engine 5/01.Courses/Unreal Engine 5 C++ Multiplayer- Make An Online Coop/CoopAdventure/Content/Characters/Mannequins/Textures/Quinn/T_Quinn_02_CCRCCPlastic_MSK.uexp" 583
"C:/Projects/Unreal Engine 5/01.Courses/Unreal Engine 5 C++ Multiplayer- Make An Online Coop/CoopAdventure/Content/Characters/Mannequins/Textures/Quinn/T_Quinn_02ID_Tan.ubulk" 584
"C:/Projects/Unreal Engine 5/01.Courses/Unreal Engine 5 C++ Multiplayer- Make An Online Coop/CoopAdventure/Content/Characters/Mannequins/Textures/Quinn/T_Quinn_02ID_Tan.uasset" 585
"C:/Projects/Unreal Engine 5/01.Courses/Unreal Engine 5 C++ Multiplayer- Make An Online Coop/CoopAdventure/Content/Characters/Mannequins/Textures/Quinn/T_Quinn_02ID_Tan.uexp" 586
"C:/Projects/Unreal Engine 5/01.Courses/Unreal Engine 5 C++ Multiplayer- Make An Online Coop/CoopAdventure/Content/Characters/Mannequins/Textures/Quinn/T_Quinn_02ID_D.ubulk" 587
"C:/Projects/Unreal Engine 5/01.Courses/Unreal Engine 5 C++ Multiplayer- Make An Online Coop/CoopAdventure/Content/Characters/Mannequins/Textures/Quinn/T_Quinn_02ID_D.uasset" 588
"C:/Projects/Unreal Engine 5/01.Courses/Unreal Engine 5 C++ Multiplayer- Make An Online Coop/CoopAdventure/Content/Characters/Mannequins/Textures/Quinn/T_Quinn_02ID_D.uexp" 589
"C:/Projects/Unreal Engine 5/01.Courses/Unreal Engine 5 C++ Multiplayer- Make An Online Coop/CoopAdventure/Content/Characters/Mannequins/Textures/Quinn/T_Quinn_01ID_MSR_MSK.ubulk" 590
"C:/Projects/Unreal Engine 5/01.Courses/Unreal Engine 5 C++ Multiplayer- Make An Online Coop/CoopAdventure/Content/Characters/Mannequins/Textures/Quinn/T_Quinn_01ID_MSR_MSK.uasset" 591
"C:/Projects/Unreal Engine 5/01.Courses/Unreal Engine 5 C++ Multiplayer- Make An Online Coop/CoopAdventure/Content/Characters/Mannequins/Textures/Quinn/T_Quinn_01ID_MSR_MSK.uexp" 592
"C:/Projects/Unreal Engine 5/01.Courses/Unreal Engine 5 C++ Multiplayer- Make An Online Coop/CoopAdventure/Content/Characters/Mannequins/Materials/Functions/ChromaticCurve.uasset" 593
"C:/Projects/Unreal Engine 5/01.Courses/Unreal Engine 5 C++ Multiplayer- Make An Online Coop/CoopAdventure/Content/Characters/Mannequins/Materials/Functions/ChromaticCurve.uexp" 594
"C:/Projects/Unreal Engine 5/01.Courses/Unreal Engine 5 C++ Multiplayer- Make An Online Coop/CoopAdventure/Content/Characters/Mannequins/Materials/Functions/CA_Mannequin.uasset" 595
"C:/Projects/Unreal Engine 5/01.Courses/Unreal Engine 5 C++ Multiplayer- Make An Online Coop/CoopAdventure/Content/Characters/Mannequins/Materials/Functions/CA_Mannequin.uexp" 596
"C:/Projects/Unreal Engine 5/01.Courses/Unreal Engine 5 C++ Multiplayer- Make An Online Coop/CoopAdventure/Content/Characters/Mannequins/Materials/Functions/MF_Diffraction.uasset" 597
"C:/Projects/Unreal Engine 5/01.Courses/Unreal Engine 5 C++ Multiplayer- Make An Online Coop/CoopAdventure/Content/Characters/Mannequins/Materials/Functions/MF_Diffraction.uexp" 598
"C:/Projects/Unreal Engine 5/01.Courses/Unreal Engine 5 C++ Multiplayer- Make An Online Coop/CoopAdventure/Content/Characters/Mannequins/Textures/Manny/T_Manny_01_N.ubulk" 599
"C:/Projects/Unreal Engine 5/01.Courses/Unreal Engine 5 C++ Multiplayer- Make An Online Coop/CoopAdventure/Content/Characters/Mannequins/Textures/Manny/T_Manny_01_N.uasset" 600
"C:/Projects/Unreal Engine 5/01.Courses/Unreal Engine 5 C++ Multiplayer- Make An Online Coop/CoopAdventure/Content/Characters/Mannequins/Textures/Manny/T_Manny_01_N.uexp" 601
"C:/Projects/Unreal Engine 5/01.Courses/Unreal Engine 5 C++ Multiplayer- Make An Online Coop/CoopAdventure/Content/Characters/Mannequins/Materials/Functions/ML_BaseColorFallOff.uasset" 602
"C:/Projects/Unreal Engine 5/01.Courses/Unreal Engine 5 C++ Multiplayer- Make An Online Coop/CoopAdventure/Content/Characters/Mannequins/Materials/Functions/ML_BaseColorFallOff.uexp" 603
"../../../Engine/Content/Functions/Engine_MaterialFunctions01/Texturing/ScaleUVsByCenter.uasset" 604
"../../../Engine/Content/Functions/Engine_MaterialFunctions01/Texturing/ScaleUVsByCenter.uexp" 605
"C:/Projects/Unreal Engine 5/01.Courses/Unreal Engine 5 C++ Multiplayer- Make An Online Coop/CoopAdventure/Content/Characters/Mannequins/Textures/Shared/T_UE_Logo_M.uasset" 606
"C:/Projects/Unreal Engine 5/01.Courses/Unreal Engine 5 C++ Multiplayer- Make An Online Coop/CoopAdventure/Content/Characters/Mannequins/Textures/Shared/T_UE_Logo_M.uexp" 607
"C:/Projects/Unreal Engine 5/01.Courses/Unreal Engine 5 C++ Multiplayer- Make An Online Coop/CoopAdventure/Content/Characters/Mannequins/Materials/Functions/MF_logo3layers.uasset" 608
"C:/Projects/Unreal Engine 5/01.Courses/Unreal Engine 5 C++ Multiplayer- Make An Online Coop/CoopAdventure/Content/Characters/Mannequins/Materials/Functions/MF_logo3layers.uexp" 609
"C:/Projects/Unreal Engine 5/01.Courses/Unreal Engine 5 C++ Multiplayer- Make An Online Coop/CoopAdventure/Content/Characters/Mannequins/Textures/Manny/T_Manny_01_CCRCCPlastic_MSK.ubulk" 610
"C:/Projects/Unreal Engine 5/01.Courses/Unreal Engine 5 C++ Multiplayer- Make An Online Coop/CoopAdventure/Content/Characters/Mannequins/Textures/Manny/T_Manny_01_CCRCCPlastic_MSK.uasset" 611
"C:/Projects/Unreal Engine 5/01.Courses/Unreal Engine 5 C++ Multiplayer- Make An Online Coop/CoopAdventure/Content/Characters/Mannequins/Textures/Manny/T_Manny_01_CCRCCPlastic_MSK.uexp" 612
"C:/Projects/Unreal Engine 5/01.Courses/Unreal Engine 5 C++ Multiplayer- Make An Online Coop/CoopAdventure/Content/Characters/Mannequins/Textures/Manny/T_Manny_01_ASAOPMASK_MSK.ubulk" 613
"C:/Projects/Unreal Engine 5/01.Courses/Unreal Engine 5 C++ Multiplayer- Make An Online Coop/CoopAdventure/Content/Characters/Mannequins/Textures/Manny/T_Manny_01_ASAOPMASK_MSK.uasset" 614
"C:/Projects/Unreal Engine 5/01.Courses/Unreal Engine 5 C++ Multiplayer- Make An Online Coop/CoopAdventure/Content/Characters/Mannequins/Textures/Manny/T_Manny_01_ASAOPMASK_MSK.uexp" 615
"C:/Projects/Unreal Engine 5/01.Courses/Unreal Engine 5 C++ Multiplayer- Make An Online Coop/CoopAdventure/Content/Characters/Mannequins/Textures/Manny/T_Manny_01_MSR_MSK.ubulk" 616
"C:/Projects/Unreal Engine 5/01.Courses/Unreal Engine 5 C++ Multiplayer- Make An Online Coop/CoopAdventure/Content/Characters/Mannequins/Textures/Manny/T_Manny_01_MSR_MSK.uasset" 617
"C:/Projects/Unreal Engine 5/01.Courses/Unreal Engine 5 C++ Multiplayer- Make An Online Coop/CoopAdventure/Content/Characters/Mannequins/Textures/Manny/T_Manny_01_MSR_MSK.uexp" 618
"C:/Projects/Unreal Engine 5/01.Courses/Unreal Engine 5 C++ Multiplayer- Make An Online Coop/CoopAdventure/Content/Characters/Mannequins/Textures/Manny/T_Manny_01_BN.ubulk" 619
"C:/Projects/Unreal Engine 5/01.Courses/Unreal Engine 5 C++ Multiplayer- Make An Online Coop/CoopAdventure/Content/Characters/Mannequins/Textures/Manny/T_Manny_01_BN.uasset" 620
"C:/Projects/Unreal Engine 5/01.Courses/Unreal Engine 5 C++ Multiplayer- Make An Online Coop/CoopAdventure/Content/Characters/Mannequins/Textures/Manny/T_Manny_01_BN.uexp" 621
"C:/Projects/Unreal Engine 5/01.Courses/Unreal Engine 5 C++ Multiplayer- Make An Online Coop/CoopAdventure/Content/Characters/Mannequins/Textures/Manny/T_Manny_01_D.ubulk" 622
"C:/Projects/Unreal Engine 5/01.Courses/Unreal Engine 5 C++ Multiplayer- Make An Online Coop/CoopAdventure/Content/Characters/Mannequins/Textures/Manny/T_Manny_01_D.uasset" 623
"C:/Projects/Unreal Engine 5/01.Courses/Unreal Engine 5 C++ Multiplayer- Make An Online Coop/CoopAdventure/Content/Characters/Mannequins/Textures/Manny/T_Manny_01_D.uexp" 624
"C:/Projects/Unreal Engine 5/01.Courses/Unreal Engine 5 C++ Multiplayer- Make An Online Coop/CoopAdventure/Content/Characters/Mannequins/Textures/Manny/T_Manny_01_Tan.ubulk" 625
"C:/Projects/Unreal Engine 5/01.Courses/Unreal Engine 5 C++ Multiplayer- Make An Online Coop/CoopAdventure/Content/Characters/Mannequins/Textures/Manny/T_Manny_01_Tan.uasset" 626
"C:/Projects/Unreal Engine 5/01.Courses/Unreal Engine 5 C++ Multiplayer- Make An Online Coop/CoopAdventure/Content/Characters/Mannequins/Textures/Manny/T_Manny_01_Tan.uexp" 627
"C:/Projects/Unreal Engine 5/01.Courses/Unreal Engine 5 C++ Multiplayer- Make An Online Coop/CoopAdventure/Content/Characters/Mannequins/Materials/M_Mannequin.uasset" 628
"C:/Projects/Unreal Engine 5/01.Courses/Unreal Engine 5 C++ Multiplayer- Make An Online Coop/CoopAdventure/Content/Characters/Mannequins/Materials/M_Mannequin.uexp" 629
"C:/Projects/Unreal Engine 5/01.Courses/Unreal Engine 5 C++ Multiplayer- Make An Online Coop/CoopAdventure/Content/Characters/Mannequins/Textures/Quinn/T_Quinn_01_ASAOMASK_MSK.ubulk" 630
"C:/Projects/Unreal Engine 5/01.Courses/Unreal Engine 5 C++ Multiplayer- Make An Online Coop/CoopAdventure/Content/Characters/Mannequins/Textures/Quinn/T_Quinn_01_ASAOMASK_MSK.uasset" 631
"C:/Projects/Unreal Engine 5/01.Courses/Unreal Engine 5 C++ Multiplayer- Make An Online Coop/CoopAdventure/Content/Characters/Mannequins/Textures/Quinn/T_Quinn_01_ASAOMASK_MSK.uexp" 632
"C:/Projects/Unreal Engine 5/01.Courses/Unreal Engine 5 C++ Multiplayer- Make An Online Coop/CoopAdventure/Content/Characters/Mannequins/Textures/Quinn/T_Quinn_01ID_N.ubulk" 633
"C:/Projects/Unreal Engine 5/01.Courses/Unreal Engine 5 C++ Multiplayer- Make An Online Coop/CoopAdventure/Content/Characters/Mannequins/Textures/Quinn/T_Quinn_01ID_N.uasset" 634
"C:/Projects/Unreal Engine 5/01.Courses/Unreal Engine 5 C++ Multiplayer- Make An Online Coop/CoopAdventure/Content/Characters/Mannequins/Textures/Quinn/T_Quinn_01ID_N.uexp" 635
"C:/Projects/Unreal Engine 5/01.Courses/Unreal Engine 5 C++ Multiplayer- Make An Online Coop/CoopAdventure/Content/Characters/Mannequins/Textures/Quinn/T_Quinn_01ID_BN.ubulk" 636
"C:/Projects/Unreal Engine 5/01.Courses/Unreal Engine 5 C++ Multiplayer- Make An Online Coop/CoopAdventure/Content/Characters/Mannequins/Textures/Quinn/T_Quinn_01ID_BN.uasset" 637
"C:/Projects/Unreal Engine 5/01.Courses/Unreal Engine 5 C++ Multiplayer- Make An Online Coop/CoopAdventure/Content/Characters/Mannequins/Textures/Quinn/T_Quinn_01ID_BN.uexp" 638
"C:/Projects/Unreal Engine 5/01.Courses/Unreal Engine 5 C++ Multiplayer- Make An Online Coop/CoopAdventure/Content/Characters/Mannequins/Textures/Quinn/T_Quinn_01ID_D.ubulk" 639
"C:/Projects/Unreal Engine 5/01.Courses/Unreal Engine 5 C++ Multiplayer- Make An Online Coop/CoopAdventure/Content/Characters/Mannequins/Textures/Quinn/T_Quinn_01ID_D.uasset" 640
"C:/Projects/Unreal Engine 5/01.Courses/Unreal Engine 5 C++ Multiplayer- Make An Online Coop/CoopAdventure/Content/Characters/Mannequins/Textures/Quinn/T_Quinn_01ID_D.uexp" 641
"C:/Projects/Unreal Engine 5/01.Courses/Unreal Engine 5 C++ Multiplayer- Make An Online Coop/CoopAdventure/Content/Characters/Mannequins/Textures/Quinn/T_Quinn_01ID_Tan.ubulk" 642
"C:/Projects/Unreal Engine 5/01.Courses/Unreal Engine 5 C++ Multiplayer- Make An Online Coop/CoopAdventure/Content/Characters/Mannequins/Textures/Quinn/T_Quinn_01ID_Tan.uasset" 643
"C:/Projects/Unreal Engine 5/01.Courses/Unreal Engine 5 C++ Multiplayer- Make An Online Coop/CoopAdventure/Content/Characters/Mannequins/Textures/Quinn/T_Quinn_01ID_Tan.uexp" 644
"C:/Projects/Unreal Engine 5/01.Courses/Unreal Engine 5 C++ Multiplayer- Make An Online Coop/CoopAdventure/Content/Characters/Mannequins/Textures/Quinn/T_Quinn_01_CCRCCPlastic_MSK.ubulk" 645
"C:/Projects/Unreal Engine 5/01.Courses/Unreal Engine 5 C++ Multiplayer- Make An Online Coop/CoopAdventure/Content/Characters/Mannequins/Textures/Quinn/T_Quinn_01_CCRCCPlastic_MSK.uasset" 646
"C:/Projects/Unreal Engine 5/01.Courses/Unreal Engine 5 C++ Multiplayer- Make An Online Coop/CoopAdventure/Content/Characters/Mannequins/Textures/Quinn/T_Quinn_01_CCRCCPlastic_MSK.uexp" 647
"C:/Projects/Unreal Engine 5/01.Courses/Unreal Engine 5 C++ Multiplayer- Make An Online Coop/CoopAdventure/Content/Characters/Mannequins/Materials/Instances/Quinn/MI_Quinn_01.uasset" 648
"C:/Projects/Unreal Engine 5/01.Courses/Unreal Engine 5 C++ Multiplayer- Make An Online Coop/CoopAdventure/Content/Characters/Mannequins/Materials/Instances/Quinn/MI_Quinn_01.uexp" 649
"C:/Projects/Unreal Engine 5/01.Courses/Unreal Engine 5 C++ Multiplayer- Make An Online Coop/CoopAdventure/Content/Characters/Mannequins/Textures/Quinn/T_Quinn_02ID_N.ubulk" 650
"C:/Projects/Unreal Engine 5/01.Courses/Unreal Engine 5 C++ Multiplayer- Make An Online Coop/CoopAdventure/Content/Characters/Mannequins/Textures/Quinn/T_Quinn_02ID_N.uasset" 651
"C:/Projects/Unreal Engine 5/01.Courses/Unreal Engine 5 C++ Multiplayer- Make An Online Coop/CoopAdventure/Content/Characters/Mannequins/Textures/Quinn/T_Quinn_02ID_N.uexp" 652
"C:/Projects/Unreal Engine 5/01.Courses/Unreal Engine 5 C++ Multiplayer- Make An Online Coop/CoopAdventure/Content/Characters/Mannequins/Materials/Instances/Quinn/MI_Quinn_02.uasset" 653
"C:/Projects/Unreal Engine 5/01.Courses/Unreal Engine 5 C++ Multiplayer- Make An Online Coop/CoopAdventure/Content/Characters/Mannequins/Materials/Instances/Quinn/MI_Quinn_02.uexp" 654
"C:/Projects/Unreal Engine 5/01.Courses/Unreal Engine 5 C++ Multiplayer- Make An Online Coop/CoopAdventure/Content/Characters/Mannequins/Rigs/PA_Mannequin.uasset" 655
"C:/Projects/Unreal Engine 5/01.Courses/Unreal Engine 5 C++ Multiplayer- Make An Online Coop/CoopAdventure/Content/Characters/Mannequins/Rigs/PA_Mannequin.uexp" 656
"C:/Projects/Unreal Engine 5/01.Courses/Unreal Engine 5 C++ Multiplayer- Make An Online Coop/CoopAdventure/Content/Characters/Mannequins/Meshes/SKM_Quinn_Simple.uasset" 657
"C:/Projects/Unreal Engine 5/01.Courses/Unreal Engine 5 C++ Multiplayer- Make An Online Coop/CoopAdventure/Content/Characters/Mannequins/Meshes/SKM_Quinn_Simple.uexp" 658
"C:/Projects/Unreal Engine 5/01.Courses/Unreal Engine 5 C++ Multiplayer- Make An Online Coop/CoopAdventure/Content/ThirdPerson/Input/Actions/IA_Jump.uasset" 659
"C:/Projects/Unreal Engine 5/01.Courses/Unreal Engine 5 C++ Multiplayer- Make An Online Coop/CoopAdventure/Content/ThirdPerson/Input/Actions/IA_Jump.uexp" 660
"C:/Projects/Unreal Engine 5/01.Courses/Unreal Engine 5 C++ Multiplayer- Make An Online Coop/CoopAdventure/Content/ThirdPerson/Input/Actions/IA_Look.uasset" 661
"C:/Projects/Unreal Engine 5/01.Courses/Unreal Engine 5 C++ Multiplayer- Make An Online Coop/CoopAdventure/Content/ThirdPerson/Input/Actions/IA_Look.uexp" 662
"C:/Projects/Unreal Engine 5/01.Courses/Unreal Engine 5 C++ Multiplayer- Make An Online Coop/CoopAdventure/Content/ThirdPerson/Input/Actions/IA_Move.uasset" 663
"C:/Projects/Unreal Engine 5/01.Courses/Unreal Engine 5 C++ Multiplayer- Make An Online Coop/CoopAdventure/Content/ThirdPerson/Input/Actions/IA_Move.uexp" 664
"C:/Projects/Unreal Engine 5/01.Courses/Unreal Engine 5 C++ Multiplayer- Make An Online Coop/CoopAdventure/Content/ThirdPerson/Input/IMC_Default.uasset" 665
"C:/Projects/Unreal Engine 5/01.Courses/Unreal Engine 5 C++ Multiplayer- Make An Online Coop/CoopAdventure/Content/ThirdPerson/Input/IMC_Default.uexp" 666
"../../../Engine/Content/Animation/DefaultAnimCurveCompressionSettings.uasset" 667
"../../../Engine/Content/Animation/DefaultAnimCurveCompressionSettings.uexp" 668
"../../../Engine/Content/Animation/DefaultAnimBoneCompressionSettings.uasset" 669
"../../../Engine/Content/Animation/DefaultAnimBoneCompressionSettings.uexp" 670
"C:/Projects/Unreal Engine 5/01.Courses/Unreal Engine 5 C++ Multiplayer- Make An Online Coop/CoopAdventure/Content/Characters/Mannequins/Animations/Quinn/MF_Run_Fwd.uasset" 671
"C:/Projects/Unreal Engine 5/01.Courses/Unreal Engine 5 C++ Multiplayer- Make An Online Coop/CoopAdventure/Content/Characters/Mannequins/Animations/Quinn/MF_Run_Fwd.uexp" 672
"C:/Projects/Unreal Engine 5/01.Courses/Unreal Engine 5 C++ Multiplayer- Make An Online Coop/CoopAdventure/Content/Characters/Mannequins/Animations/Quinn/MF_Walk_Fwd.uasset" 673
"C:/Projects/Unreal Engine 5/01.Courses/Unreal Engine 5 C++ Multiplayer- Make An Online Coop/CoopAdventure/Content/Characters/Mannequins/Animations/Quinn/MF_Walk_Fwd.uexp" 674
"../../../Engine/Content/Animation/DefaultRecorderBoneCompression.uasset" 675
"../../../Engine/Content/Animation/DefaultRecorderBoneCompression.uexp" 676
"C:/Projects/Unreal Engine 5/01.Courses/Unreal Engine 5 C++ Multiplayer- Make An Online Coop/CoopAdventure/Content/Characters/Mannequins/Animations/Manny/MM_Walk_InPlace.uasset" 677
"C:/Projects/Unreal Engine 5/01.Courses/Unreal Engine 5 C++ Multiplayer- Make An Online Coop/CoopAdventure/Content/Characters/Mannequins/Animations/Manny/MM_Walk_InPlace.uexp" 678
"C:/Projects/Unreal Engine 5/01.Courses/Unreal Engine 5 C++ Multiplayer- Make An Online Coop/CoopAdventure/Content/Characters/Mannequins/Animations/Quinn/BS_MF_Unarmed_WalkRun.uasset" 679
"C:/Projects/Unreal Engine 5/01.Courses/Unreal Engine 5 C++ Multiplayer- Make An Online Coop/CoopAdventure/Content/Characters/Mannequins/Animations/Quinn/BS_MF_Unarmed_WalkRun.uexp" 680
"C:/Projects/Unreal Engine 5/01.Courses/Unreal Engine 5 C++ Multiplayer- Make An Online Coop/CoopAdventure/Content/Characters/Mannequins/Animations/Quinn/MF_Idle.uasset" 681
"C:/Projects/Unreal Engine 5/01.Courses/Unreal Engine 5 C++ Multiplayer- Make An Online Coop/CoopAdventure/Content/Characters/Mannequins/Animations/Quinn/MF_Idle.uexp" 682
"C:/Projects/Unreal Engine 5/01.Courses/Unreal Engine 5 C++ Multiplayer- Make An Online Coop/CoopAdventure/Content/Characters/Mannequins/Animations/Manny/MM_Fall_Loop.uasset" 683
"C:/Projects/Unreal Engine 5/01.Courses/Unreal Engine 5 C++ Multiplayer- Make An Online Coop/CoopAdventure/Content/Characters/Mannequins/Animations/Manny/MM_Fall_Loop.uexp" 684
"C:/Projects/Unreal Engine 5/01.Courses/Unreal Engine 5 C++ Multiplayer- Make An Online Coop/CoopAdventure/Content/Characters/Mannequins/Animations/Manny/MM_Jump.uasset" 685
"C:/Projects/Unreal Engine 5/01.Courses/Unreal Engine 5 C++ Multiplayer- Make An Online Coop/CoopAdventure/Content/Characters/Mannequins/Animations/Manny/MM_Jump.uexp" 686
"../../../Engine/Plugins/Animation/ControlRig/Content/Controls/DefaultGizmoLibrary.uasset" 687
"../../../Engine/Plugins/Animation/ControlRig/Content/Controls/DefaultGizmoLibrary.uexp" 688
"C:/Projects/Unreal Engine 5/01.Courses/Unreal Engine 5 C++ Multiplayer- Make An Online Coop/CoopAdventure/Content/Characters/Mannequins/Rigs/CR_Mannequin_BasicFootIK.uasset" 689
"C:/Projects/Unreal Engine 5/01.Courses/Unreal Engine 5 C++ Multiplayer- Make An Online Coop/CoopAdventure/Content/Characters/Mannequins/Rigs/CR_Mannequin_BasicFootIK.uexp" 690
"C:/Projects/Unreal Engine 5/01.Courses/Unreal Engine 5 C++ Multiplayer- Make An Online Coop/CoopAdventure/Content/Characters/Mannequins/Animations/Manny/MM_Run_Fwd.uasset" 691
"C:/Projects/Unreal Engine 5/01.Courses/Unreal Engine 5 C++ Multiplayer- Make An Online Coop/CoopAdventure/Content/Characters/Mannequins/Animations/Manny/MM_Run_Fwd.uexp" 692
"C:/Projects/Unreal Engine 5/01.Courses/Unreal Engine 5 C++ Multiplayer- Make An Online Coop/CoopAdventure/Content/Characters/Mannequins/Animations/Manny/MM_Walk_Fwd.uasset" 693
"C:/Projects/Unreal Engine 5/01.Courses/Unreal Engine 5 C++ Multiplayer- Make An Online Coop/CoopAdventure/Content/Characters/Mannequins/Animations/Manny/MM_Walk_Fwd.uexp" 694
"C:/Projects/Unreal Engine 5/01.Courses/Unreal Engine 5 C++ Multiplayer- Make An Online Coop/CoopAdventure/Content/Characters/Mannequins/Animations/Manny/BS_MM_WalkRun.uasset" 695
"C:/Projects/Unreal Engine 5/01.Courses/Unreal Engine 5 C++ Multiplayer- Make An Online Coop/CoopAdventure/Content/Characters/Mannequins/Animations/Manny/BS_MM_WalkRun.uexp" 696
"C:/Projects/Unreal Engine 5/01.Courses/Unreal Engine 5 C++ Multiplayer- Make An Online Coop/CoopAdventure/Content/Characters/Mannequins/Animations/Manny/MM_Land.uasset" 697
"C:/Projects/Unreal Engine 5/01.Courses/Unreal Engine 5 C++ Multiplayer- Make An Online Coop/CoopAdventure/Content/Characters/Mannequins/Animations/Manny/MM_Land.uexp" 698
"C:/Projects/Unreal Engine 5/01.Courses/Unreal Engine 5 C++ Multiplayer- Make An Online Coop/CoopAdventure/Content/Characters/Mannequins/Animations/Manny/MM_Idle.uasset" 699
"C:/Projects/Unreal Engine 5/01.Courses/Unreal Engine 5 C++ Multiplayer- Make An Online Coop/CoopAdventure/Content/Characters/Mannequins/Animations/Manny/MM_Idle.uexp" 700
"C:/Projects/Unreal Engine 5/01.Courses/Unreal Engine 5 C++ Multiplayer- Make An Online Coop/CoopAdventure/Content/Characters/Mannequins/Animations/ABP_Manny.uasset" 701
"C:/Projects/Unreal Engine 5/01.Courses/Unreal Engine 5 C++ Multiplayer- Make An Online Coop/CoopAdventure/Content/Characters/Mannequins/Animations/ABP_Manny.uexp" 702
"C:/Projects/Unreal Engine 5/01.Courses/Unreal Engine 5 C++ Multiplayer- Make An Online Coop/CoopAdventure/Content/Characters/Mannequins/Animations/ABP_Quinn.uasset" 703
"C:/Projects/Unreal Engine 5/01.Courses/Unreal Engine 5 C++ Multiplayer- Make An Online Coop/CoopAdventure/Content/Characters/Mannequins/Animations/ABP_Quinn.uexp" 704
"C:/Projects/Unreal Engine 5/01.Courses/Unreal Engine 5 C++ Multiplayer- Make An Online Coop/CoopAdventure/Content/ThirdPerson/Blueprints/BP_ThirdPersonCharacter.uasset" 705
"C:/Projects/Unreal Engine 5/01.Courses/Unreal Engine 5 C++ Multiplayer- Make An Online Coop/CoopAdventure/Content/ThirdPerson/Blueprints/BP_ThirdPersonCharacter.uexp" 706
"../../../Engine/Content/MobileResources/HUD/VirtualJoystick_Background.uasset" 707
"../../../Engine/Content/MobileResources/HUD/VirtualJoystick_Background.uexp" 708
"../../../Engine/Content/MobileResources/HUD/VirtualJoystick_Thumb.uasset" 709
"../../../Engine/Content/MobileResources/HUD/VirtualJoystick_Thumb.uexp" 710
"../../../Engine/Content/MobileResources/HUD/DefaultVirtualJoysticks.uasset" 711
"../../../Engine/Content/MobileResources/HUD/DefaultVirtualJoysticks.uexp" 712
"../../../Engine/Content/EngineSky/VolumetricClouds/CloudWeatherTexture.uasset" 713
"../../../Engine/Content/EngineSky/VolumetricClouds/CloudWeatherTexture.uexp" 714
"../../../Engine/Content/Functions/Engine_MaterialFunctions02/Utility/MakeFloat2.uasset" 715
"../../../Engine/Content/Functions/Engine_MaterialFunctions02/Utility/MakeFloat2.uexp" 716
"../../../Engine/Content/EngineSky/VolumetricClouds/CloudGradientTexture.uasset" 717
"../../../Engine/Content/EngineSky/VolumetricClouds/CloudGradientTexture.uexp" 718
"../../../Engine/Content/EngineSky/VolumetricClouds/T_NoiseShape64.ubulk" 719
"../../../Engine/Content/EngineSky/VolumetricClouds/T_NoiseShape64.uasset" 720
"../../../Engine/Content/EngineSky/VolumetricClouds/T_NoiseShape64.uexp" 721
"../../../Engine/Content/EngineSky/VolumetricClouds/T_VolumeNoiseShape64.uasset" 722
"../../../Engine/Content/EngineSky/VolumetricClouds/T_VolumeNoiseShape64.uexp" 723
"../../../Engine/Content/EngineSky/VolumetricClouds/T_NoiseErosion.ubulk" 724
"../../../Engine/Content/EngineSky/VolumetricClouds/T_NoiseErosion.uasset" 725
"../../../Engine/Content/EngineSky/VolumetricClouds/T_NoiseErosion.uexp" 726
"../../../Engine/Content/EngineSky/VolumetricClouds/T_VolumeNoiseErosion32.uasset" 727
"../../../Engine/Content/EngineSky/VolumetricClouds/T_VolumeNoiseErosion32.uexp" 728
"../../../Engine/Content/EngineSky/VolumetricClouds/m_SimpleVolumetricCloud.uasset" 729
"../../../Engine/Content/EngineSky/VolumetricClouds/m_SimpleVolumetricCloud.uexp" 730
"../../../Engine/Content/EngineSky/VolumetricClouds/m_SimpleVolumetricCloud_Inst.uasset" 731
"../../../Engine/Content/EngineSky/VolumetricClouds/m_SimpleVolumetricCloud_Inst.uexp" 732
"../../../Engine/Content/EngineResources/FilmGrains/Marcie_Grain_v3_128_M2_000.uasset" 733
"../../../Engine/Content/EngineResources/FilmGrains/Marcie_Grain_v3_128_M2_000.uexp" 734
"../../../Engine/Content/EditorResources/SequenceRecorder/RecordingIndicator.uasset" 735
"../../../Engine/Content/EditorResources/SequenceRecorder/RecordingIndicator.uexp" 736
"../../../Engine/Content/EditorResources/SequenceRecorder/Countdown.uasset" 737
"../../../Engine/Content/EditorResources/SequenceRecorder/Countdown.uexp" 738
"../../../Engine/Content/Maps/Templates/HLODs/HLODLayer_Merged.uasset" 739
"../../../Engine/Content/Maps/Templates/HLODs/HLODLayer_Merged.uexp" 740
"../../../Engine/Content/Functions/Engine_MaterialFunctions01/Shading/PowerToRoughness.uasset" 741
"../../../Engine/Content/Functions/Engine_MaterialFunctions01/Shading/PowerToRoughness.uexp" 742
"../../../Engine/Content/Functions/Engine_MaterialFunctions01/Shading/ConvertFromDiffSpec.uasset" 743
"../../../Engine/Content/Functions/Engine_MaterialFunctions01/Shading/ConvertFromDiffSpec.uexp" 744
"C:/Projects/Unreal Engine 5/01.Courses/Unreal Engine 5 C++ Multiplayer- Make An Online Coop/CoopAdventure/Content/MainMenu/WBP_RadialProgressBar.uasset" 745
"C:/Projects/Unreal Engine 5/01.Courses/Unreal Engine 5 C++ Multiplayer- Make An Online Coop/CoopAdventure/Content/MainMenu/WBP_RadialProgressBar.uexp" 746
"../../../Engine/Content/EditorBlueprintResources/StandardMacros.uasset" 747
"../../../Engine/Content/EditorBlueprintResources/StandardMacros.uexp" 748
"C:/Projects/Unreal Engine 5/01.Courses/Unreal Engine 5 C++ Multiplayer- Make An Online Coop/CoopAdventure/Content/MainMenu/WBP_MainMenu.uasset" 749
"C:/Projects/Unreal Engine 5/01.Courses/Unreal Engine 5 C++ Multiplayer- Make An Online Coop/CoopAdventure/Content/MainMenu/WBP_MainMenu.uexp" 750
"C:/Projects/Unreal Engine 5/01.Courses/Unreal Engine 5 C++ Multiplayer- Make An Online Coop/CoopAdventure/Content/MainMenu/BP_MainMenuPawn.uasset" 751
"C:/Projects/Unreal Engine 5/01.Courses/Unreal Engine 5 C++ Multiplayer- Make An Online Coop/CoopAdventure/Content/MainMenu/BP_MainMenuPawn.uexp" 752
"C:/Projects/Unreal Engine 5/01.Courses/Unreal Engine 5 C++ Multiplayer- Make An Online Coop/CoopAdventure/Content/MainMenu/BP_MainMenuGameMode.uasset" 753
"C:/Projects/Unreal Engine 5/01.Courses/Unreal Engine 5 C++ Multiplayer- Make An Online Coop/CoopAdventure/Content/MainMenu/BP_MainMenuGameMode.uexp" 754
"C:/Projects/Unreal Engine 5/01.Courses/Unreal Engine 5 C++ Multiplayer- Make An Online Coop/CoopAdventure/Content/MainMenu/Map_MainMenu.uexp" 755
"C:/Projects/Unreal Engine 5/01.Courses/Unreal Engine 5 C++ Multiplayer- Make An Online Coop/CoopAdventure/Content/MainMenu/Map_MainMenu.umap" 756
"../../../Engine/Content/Maps/Entry_BuiltData.uasset" 757
"../../../Engine/Content/Maps/Entry_BuiltData.uexp" 758
"../../../Engine/Content/Maps/Entry.uexp" 759
"../../../Engine/Content/Maps/Entry.umap" 760
"../../../Engine/Content/Maps/Templates/HLODs/HLODLayer_Instanced.uasset" 761
"../../../Engine/Content/Maps/Templates/HLODs/HLODLayer_Instanced.uexp" 762
"C:/Projects/Unreal Engine 5/01.Courses/Unreal Engine 5 C++ Multiplayer- Make An Online Coop/CoopAdventure/Content/ThirdPerson/Maps/ThirdPersonMap.uexp" 763
"C:/Projects/Unreal Engine 5/01.Courses/Unreal Engine 5 C++ Multiplayer- Make An Online Coop/CoopAdventure/Content/ThirdPerson/Maps/ThirdPersonMap.umap" 764
